<?xml version="1.0" encoding="UTF-8"?>
<testsuite xmlns:xsi="http://www.w3.org/2001/XMLSchema-instance" xsi:noNamespaceSchemaLocation="https://maven.apache.org/surefire/maven-surefire-plugin/xsd/surefire-test-report.xsd" name="com.example.demo.Miniproj1ApplicationTests" time="4.5" tests="1" errors="1" skipped="0" failures="0">
  <properties>
    <property name="java.specification.version" value="17"/>
    <property name="sun.cpu.isalist" value="amd64"/>
    <property name="sun.jnu.encoding" value="Cp1252"/>
    <property name="java.class.path" value="C:\Users\ashuk\Documents\workspace-spring-tool-suite-4-4.17.2.RELEASE\Hello\miniproj1\target\test-classes;C:\Users\ashuk\Documents\workspace-spring-tool-suite-4-4.17.2.RELEASE\Hello\miniproj1\target\classes;C:\Users\ashuk\.m2\repository\org\springframework\boot\spring-boot-starter-data-jpa\3.0.3\spring-boot-starter-data-jpa-3.0.3.jar;C:\Users\ashuk\.m2\repository\org\springframework\boot\spring-boot-starter-aop\3.0.3\spring-boot-starter-aop-3.0.3.jar;C:\Users\ashuk\.m2\repository\org\springframework\spring-aop\6.0.5\spring-aop-6.0.5.jar;C:\Users\ashuk\.m2\repository\org\aspectj\aspectjweaver\1.9.19\aspectjweaver-1.9.19.jar;C:\Users\ashuk\.m2\repository\org\springframework\boot\spring-boot-starter-jdbc\3.0.3\spring-boot-starter-jdbc-3.0.3.jar;C:\Users\ashuk\.m2\repository\com\zaxxer\HikariCP\5.0.1\HikariCP-5.0.1.jar;C:\Users\ashuk\.m2\repository\org\springframework\spring-jdbc\6.0.5\spring-jdbc-6.0.5.jar;C:\Users\ashuk\.m2\repository\org\hibernate\orm\hibernate-core\6.1.7.Final\hibernate-core-6.1.7.Final.jar;C:\Users\ashuk\.m2\repository\jakarta\persistence\jakarta.persistence-api\3.1.0\jakarta.persistence-api-3.1.0.jar;C:\Users\ashuk\.m2\repository\jakarta\transaction\jakarta.transaction-api\2.0.1\jakarta.transaction-api-2.0.1.jar;C:\Users\ashuk\.m2\repository\org\jboss\logging\jboss-logging\3.5.0.Final\jboss-logging-3.5.0.Final.jar;C:\Users\ashuk\.m2\repository\org\hibernate\common\hibernate-commons-annotations\6.0.6.Final\hibernate-commons-annotations-6.0.6.Final.jar;C:\Users\ashuk\.m2\repository\org\jboss\jandex\2.4.2.Final\jandex-2.4.2.Final.jar;C:\Users\ashuk\.m2\repository\com\fasterxml\classmate\1.5.1\classmate-1.5.1.jar;C:\Users\ashuk\.m2\repository\net\bytebuddy\byte-buddy\1.12.23\byte-buddy-1.12.23.jar;C:\Users\ashuk\.m2\repository\org\glassfish\jaxb\jaxb-runtime\4.0.2\jaxb-runtime-4.0.2.jar;C:\Users\ashuk\.m2\repository\org\glassfish\jaxb\jaxb-core\4.0.2\jaxb-core-4.0.2.jar;C:\Users\ashuk\.m2\repository\org\glassfish\jaxb\txw2\4.0.2\txw2-4.0.2.jar;C:\Users\ashuk\.m2\repository\com\sun\istack\istack-commons-runtime\4.1.1\istack-commons-runtime-4.1.1.jar;C:\Users\ashuk\.m2\repository\jakarta\inject\jakarta.inject-api\2.0.0\jakarta.inject-api-2.0.0.jar;C:\Users\ashuk\.m2\repository\org\antlr\antlr4-runtime\4.10.1\antlr4-runtime-4.10.1.jar;C:\Users\ashuk\.m2\repository\org\springframework\data\spring-data-jpa\3.0.2\spring-data-jpa-3.0.2.jar;C:\Users\ashuk\.m2\repository\org\springframework\data\spring-data-commons\3.0.2\spring-data-commons-3.0.2.jar;C:\Users\ashuk\.m2\repository\org\springframework\spring-orm\6.0.5\spring-orm-6.0.5.jar;C:\Users\ashuk\.m2\repository\org\springframework\spring-context\6.0.5\spring-context-6.0.5.jar;C:\Users\ashuk\.m2\repository\org\springframework\spring-tx\6.0.5\spring-tx-6.0.5.jar;C:\Users\ashuk\.m2\repository\org\springframework\spring-beans\6.0.5\spring-beans-6.0.5.jar;C:\Users\ashuk\.m2\repository\jakarta\annotation\jakarta.annotation-api\2.1.1\jakarta.annotation-api-2.1.1.jar;C:\Users\ashuk\.m2\repository\org\slf4j\slf4j-api\2.0.6\slf4j-api-2.0.6.jar;C:\Users\ashuk\.m2\repository\org\springframework\spring-aspects\6.0.5\spring-aspects-6.0.5.jar;C:\Users\ashuk\.m2\repository\org\springframework\boot\spring-boot-starter-data-rest\3.0.3\spring-boot-starter-data-rest-3.0.3.jar;C:\Users\ashuk\.m2\repository\org\springframework\data\spring-data-rest-webmvc\4.0.2\spring-data-rest-webmvc-4.0.2.jar;C:\Users\ashuk\.m2\repository\org\springframework\data\spring-data-rest-core\4.0.2\spring-data-rest-core-4.0.2.jar;C:\Users\ashuk\.m2\repository\org\springframework\hateoas\spring-hateoas\2.0.2\spring-hateoas-2.0.2.jar;C:\Users\ashuk\.m2\repository\org\springframework\plugin\spring-plugin-core\3.0.0\spring-plugin-core-3.0.0.jar;C:\Users\ashuk\.m2\repository\org\atteo\evo-inflector\1.3\evo-inflector-1.3.jar;C:\Users\ashuk\.m2\repository\com\fasterxml\jackson\core\jackson-databind\2.14.2\jackson-databind-2.14.2.jar;C:\Users\ashuk\.m2\repository\com\fasterxml\jackson\core\jackson-core\2.14.2\jackson-core-2.14.2.jar;C:\Users\ashuk\.m2\repository\com\fasterxml\jackson\core\jackson-annotations\2.14.2\jackson-annotations-2.14.2.jar;C:\Users\ashuk\.m2\repository\org\springframework\boot\spring-boot-starter-web\3.0.3\spring-boot-starter-web-3.0.3.jar;C:\Users\ashuk\.m2\repository\org\springframework\boot\spring-boot-starter\3.0.3\spring-boot-starter-3.0.3.jar;C:\Users\ashuk\.m2\repository\org\springframework\boot\spring-boot-starter-logging\3.0.3\spring-boot-starter-logging-3.0.3.jar;C:\Users\ashuk\.m2\repository\ch\qos\logback\logback-classic\1.4.5\logback-classic-1.4.5.jar;C:\Users\ashuk\.m2\repository\ch\qos\logback\logback-core\1.4.5\logback-core-1.4.5.jar;C:\Users\ashuk\.m2\repository\org\apache\logging\log4j\log4j-to-slf4j\2.19.0\log4j-to-slf4j-2.19.0.jar;C:\Users\ashuk\.m2\repository\org\apache\logging\log4j\log4j-api\2.19.0\log4j-api-2.19.0.jar;C:\Users\ashuk\.m2\repository\org\slf4j\jul-to-slf4j\2.0.6\jul-to-slf4j-2.0.6.jar;C:\Users\ashuk\.m2\repository\org\yaml\snakeyaml\1.33\snakeyaml-1.33.jar;C:\Users\ashuk\.m2\repository\org\springframework\boot\spring-boot-starter-json\3.0.3\spring-boot-starter-json-3.0.3.jar;C:\Users\ashuk\.m2\repository\com\fasterxml\jackson\datatype\jackson-datatype-jdk8\2.14.2\jackson-datatype-jdk8-2.14.2.jar;C:\Users\ashuk\.m2\repository\com\fasterxml\jackson\datatype\jackson-datatype-jsr310\2.14.2\jackson-datatype-jsr310-2.14.2.jar;C:\Users\ashuk\.m2\repository\com\fasterxml\jackson\module\jackson-module-parameter-names\2.14.2\jackson-module-parameter-names-2.14.2.jar;C:\Users\ashuk\.m2\repository\org\springframework\boot\spring-boot-starter-tomcat\3.0.3\spring-boot-starter-tomcat-3.0.3.jar;C:\Users\ashuk\.m2\repository\org\apache\tomcat\embed\tomcat-embed-core\10.1.5\tomcat-embed-core-10.1.5.jar;C:\Users\ashuk\.m2\repository\org\apache\tomcat\embed\tomcat-embed-el\10.1.5\tomcat-embed-el-10.1.5.jar;C:\Users\ashuk\.m2\repository\org\apache\tomcat\embed\tomcat-embed-websocket\10.1.5\tomcat-embed-websocket-10.1.5.jar;C:\Users\ashuk\.m2\repository\org\springframework\spring-web\6.0.5\spring-web-6.0.5.jar;C:\Users\ashuk\.m2\repository\io\micrometer\micrometer-observation\1.10.4\micrometer-observation-1.10.4.jar;C:\Users\ashuk\.m2\repository\io\micrometer\micrometer-commons\1.10.4\micrometer-commons-1.10.4.jar;C:\Users\ashuk\.m2\repository\org\springframework\spring-webmvc\6.0.5\spring-webmvc-6.0.5.jar;C:\Users\ashuk\.m2\repository\org\springframework\spring-expression\6.0.5\spring-expression-6.0.5.jar;C:\Users\ashuk\.m2\repository\org\springframework\boot\spring-boot-starter-web-services\3.0.3\spring-boot-starter-web-services-3.0.3.jar;C:\Users\ashuk\.m2\repository\com\sun\xml\messaging\saaj\saaj-impl\3.0.0\saaj-impl-3.0.0.jar;C:\Users\ashuk\.m2\repository\jakarta\xml\soap\jakarta.xml.soap-api\3.0.0\jakarta.xml.soap-api-3.0.0.jar;C:\Users\ashuk\.m2\repository\org\jvnet\staxex\stax-ex\2.1.0\stax-ex-2.1.0.jar;C:\Users\ashuk\.m2\repository\jakarta\activation\jakarta.activation-api\2.1.1\jakarta.activation-api-2.1.1.jar;C:\Users\ashuk\.m2\repository\org\eclipse\angus\angus-activation\2.0.0\angus-activation-2.0.0.jar;C:\Users\ashuk\.m2\repository\jakarta\xml\ws\jakarta.xml.ws-api\4.0.0\jakarta.xml.ws-api-4.0.0.jar;C:\Users\ashuk\.m2\repository\org\springframework\spring-oxm\6.0.5\spring-oxm-6.0.5.jar;C:\Users\ashuk\.m2\repository\org\springframework\ws\spring-ws-core\4.0.2\spring-ws-core-4.0.2.jar;C:\Users\ashuk\.m2\repository\org\springframework\ws\spring-xml\4.0.2\spring-xml-4.0.2.jar;C:\Users\ashuk\.m2\repository\org\springframework\boot\spring-boot-starter-webflux\3.0.3\spring-boot-starter-webflux-3.0.3.jar;C:\Users\ashuk\.m2\repository\org\springframework\boot\spring-boot-starter-reactor-netty\3.0.3\spring-boot-starter-reactor-netty-3.0.3.jar;C:\Users\ashuk\.m2\repository\io\projectreactor\netty\reactor-netty-http\1.1.3\reactor-netty-http-1.1.3.jar;C:\Users\ashuk\.m2\repository\io\netty\netty-codec-http\4.1.89.Final\netty-codec-http-4.1.89.Final.jar;C:\Users\ashuk\.m2\repository\io\netty\netty-common\4.1.89.Final\netty-common-4.1.89.Final.jar;C:\Users\ashuk\.m2\repository\io\netty\netty-buffer\4.1.89.Final\netty-buffer-4.1.89.Final.jar;C:\Users\ashuk\.m2\repository\io\netty\netty-transport\4.1.89.Final\netty-transport-4.1.89.Final.jar;C:\Users\ashuk\.m2\repository\io\netty\netty-codec\4.1.89.Final\netty-codec-4.1.89.Final.jar;C:\Users\ashuk\.m2\repository\io\netty\netty-handler\4.1.89.Final\netty-handler-4.1.89.Final.jar;C:\Users\ashuk\.m2\repository\io\netty\netty-codec-http2\4.1.89.Final\netty-codec-http2-4.1.89.Final.jar;C:\Users\ashuk\.m2\repository\io\netty\netty-resolver-dns\4.1.89.Final\netty-resolver-dns-4.1.89.Final.jar;C:\Users\ashuk\.m2\repository\io\netty\netty-resolver\4.1.89.Final\netty-resolver-4.1.89.Final.jar;C:\Users\ashuk\.m2\repository\io\netty\netty-codec-dns\4.1.89.Final\netty-codec-dns-4.1.89.Final.jar;C:\Users\ashuk\.m2\repository\io\netty\netty-resolver-dns-native-macos\4.1.89.Final\netty-resolver-dns-native-macos-4.1.89.Final-osx-x86_64.jar;C:\Users\ashuk\.m2\repository\io\netty\netty-resolver-dns-classes-macos\4.1.89.Final\netty-resolver-dns-classes-macos-4.1.89.Final.jar;C:\Users\ashuk\.m2\repository\io\netty\netty-transport-native-epoll\4.1.89.Final\netty-transport-native-epoll-4.1.89.Final-linux-x86_64.jar;C:\Users\ashuk\.m2\repository\io\netty\netty-transport-native-unix-common\4.1.89.Final\netty-transport-native-unix-common-4.1.89.Final.jar;C:\Users\ashuk\.m2\repository\io\netty\netty-transport-classes-epoll\4.1.89.Final\netty-transport-classes-epoll-4.1.89.Final.jar;C:\Users\ashuk\.m2\repository\io\projectreactor\netty\reactor-netty-core\1.1.3\reactor-netty-core-1.1.3.jar;C:\Users\ashuk\.m2\repository\io\netty\netty-handler-proxy\4.1.89.Final\netty-handler-proxy-4.1.89.Final.jar;C:\Users\ashuk\.m2\repository\io\netty\netty-codec-socks\4.1.89.Final\netty-codec-socks-4.1.89.Final.jar;C:\Users\ashuk\.m2\repository\org\springframework\spring-webflux\6.0.5\spring-webflux-6.0.5.jar;C:\Users\ashuk\.m2\repository\org\springframework\boot\spring-boot-devtools\3.0.3\spring-boot-devtools-3.0.3.jar;C:\Users\ashuk\.m2\repository\org\springframework\boot\spring-boot\3.0.3\spring-boot-3.0.3.jar;C:\Users\ashuk\.m2\repository\org\springframework\boot\spring-boot-autoconfigure\3.0.3\spring-boot-autoconfigure-3.0.3.jar;C:\Users\ashuk\.m2\repository\com\mysql\mysql-connector-j\8.0.32\mysql-connector-j-8.0.32.jar;C:\Users\ashuk\.m2\repository\org\springframework\boot\spring-boot-starter-test\3.0.3\spring-boot-starter-test-3.0.3.jar;C:\Users\ashuk\.m2\repository\org\springframework\boot\spring-boot-test\3.0.3\spring-boot-test-3.0.3.jar;C:\Users\ashuk\.m2\repository\org\springframework\boot\spring-boot-test-autoconfigure\3.0.3\spring-boot-test-autoconfigure-3.0.3.jar;C:\Users\ashuk\.m2\repository\com\jayway\jsonpath\json-path\2.7.0\json-path-2.7.0.jar;C:\Users\ashuk\.m2\repository\net\minidev\json-smart\2.4.8\json-smart-2.4.8.jar;C:\Users\ashuk\.m2\repository\net\minidev\accessors-smart\2.4.8\accessors-smart-2.4.8.jar;C:\Users\ashuk\.m2\repository\org\ow2\asm\asm\9.1\asm-9.1.jar;C:\Users\ashuk\.m2\repository\jakarta\xml\bind\jakarta.xml.bind-api\4.0.0\jakarta.xml.bind-api-4.0.0.jar;C:\Users\ashuk\.m2\repository\org\assertj\assertj-core\3.23.1\assertj-core-3.23.1.jar;C:\Users\ashuk\.m2\repository\org\hamcrest\hamcrest\2.2\hamcrest-2.2.jar;C:\Users\ashuk\.m2\repository\org\junit\jupiter\junit-jupiter\5.9.2\junit-jupiter-5.9.2.jar;C:\Users\ashuk\.m2\repository\org\junit\jupiter\junit-jupiter-api\5.9.2\junit-jupiter-api-5.9.2.jar;C:\Users\ashuk\.m2\repository\org\opentest4j\opentest4j\1.2.0\opentest4j-1.2.0.jar;C:\Users\ashuk\.m2\repository\org\junit\platform\junit-platform-commons\1.9.2\junit-platform-commons-1.9.2.jar;C:\Users\ashuk\.m2\repository\org\apiguardian\apiguardian-api\1.1.2\apiguardian-api-1.1.2.jar;C:\Users\ashuk\.m2\repository\org\junit\jupiter\junit-jupiter-params\5.9.2\junit-jupiter-params-5.9.2.jar;C:\Users\ashuk\.m2\repository\org\junit\jupiter\junit-jupiter-engine\5.9.2\junit-jupiter-engine-5.9.2.jar;C:\Users\ashuk\.m2\repository\org\junit\platform\junit-platform-engine\1.9.2\junit-platform-engine-1.9.2.jar;C:\Users\ashuk\.m2\repository\org\mockito\mockito-core\4.8.1\mockito-core-4.8.1.jar;C:\Users\ashuk\.m2\repository\net\bytebuddy\byte-buddy-agent\1.12.23\byte-buddy-agent-1.12.23.jar;C:\Users\ashuk\.m2\repository\org\objenesis\objenesis\3.2\objenesis-3.2.jar;C:\Users\ashuk\.m2\repository\org\mockito\mockito-junit-jupiter\4.8.1\mockito-junit-jupiter-4.8.1.jar;C:\Users\ashuk\.m2\repository\org\skyscreamer\jsonassert\1.5.1\jsonassert-1.5.1.jar;C:\Users\ashuk\.m2\repository\com\vaadin\external\google\android-json\0.0.20131108.vaadin1\android-json-0.0.20131108.vaadin1.jar;C:\Users\ashuk\.m2\repository\org\springframework\spring-core\6.0.5\spring-core-6.0.5.jar;C:\Users\ashuk\.m2\repository\org\springframework\spring-jcl\6.0.5\spring-jcl-6.0.5.jar;C:\Users\ashuk\.m2\repository\org\springframework\spring-test\6.0.5\spring-test-6.0.5.jar;C:\Users\ashuk\.m2\repository\org\xmlunit\xmlunit-core\2.9.1\xmlunit-core-2.9.1.jar;C:\Users\ashuk\.m2\repository\io\projectreactor\reactor-test\3.5.3\reactor-test-3.5.3.jar;C:\Users\ashuk\.m2\repository\io\projectreactor\reactor-core\3.5.3\reactor-core-3.5.3.jar;C:\Users\ashuk\.m2\repository\org\reactivestreams\reactive-streams\1.0.4\reactive-streams-1.0.4.jar;C:\Users\ashuk\.m2\repository\com\h2database\h2\2.1.214\h2-2.1.214.jar;"/>
    <property name="java.vm.vendor" value="Eclipse Adoptium"/>
    <property name="sun.arch.data.model" value="64"/>
    <property name="user.variant" value=""/>
    <property name="java.vendor.url" value="https://adoptium.net/"/>
    <property name="user.timezone" value="Asia/Calcutta"/>
    <property name="os.name" value="Windows 11"/>
    <property name="java.vm.specification.version" value="17"/>
    <property name="sun.java.launcher" value="SUN_STANDARD"/>
    <property name="user.country" value="IN"/>
    <property name="sun.boot.library.path" value="C:\Users\ashuk\Downloads\sts-4.17.2.RELEASE\plugins\org.eclipse.justj.openjdk.hotspot.jre.full.win32.x86_64_17.0.6.v20230125-1136\jre\bin"/>
    <property name="sun.java.command" value="C:\Users\ashuk\AppData\Local\Temp\surefire9257967273261614093\surefirebooter2057623208131125345.jar C:\Users\ashuk\AppData\Local\Temp\surefire9257967273261614093 2023-02-27T12-18-16_944-jvmRun1 surefire10204358950192060546tmp surefire_011608019883522031626tmp"/>
    <property name="jdk.debug" value="release"/>
    <property name="surefire.test.class.path" value="C:\Users\ashuk\Documents\workspace-spring-tool-suite-4-4.17.2.RELEASE\Hello\miniproj1\target\test-classes;C:\Users\ashuk\Documents\workspace-spring-tool-suite-4-4.17.2.RELEASE\Hello\miniproj1\target\classes;C:\Users\ashuk\.m2\repository\org\springframework\boot\spring-boot-starter-data-jpa\3.0.3\spring-boot-starter-data-jpa-3.0.3.jar;C:\Users\ashuk\.m2\repository\org\springframework\boot\spring-boot-starter-aop\3.0.3\spring-boot-starter-aop-3.0.3.jar;C:\Users\ashuk\.m2\repository\org\springframework\spring-aop\6.0.5\spring-aop-6.0.5.jar;C:\Users\ashuk\.m2\repository\org\aspectj\aspectjweaver\1.9.19\aspectjweaver-1.9.19.jar;C:\Users\ashuk\.m2\repository\org\springframework\boot\spring-boot-starter-jdbc\3.0.3\spring-boot-starter-jdbc-3.0.3.jar;C:\Users\ashuk\.m2\repository\com\zaxxer\HikariCP\5.0.1\HikariCP-5.0.1.jar;C:\Users\ashuk\.m2\repository\org\springframework\spring-jdbc\6.0.5\spring-jdbc-6.0.5.jar;C:\Users\ashuk\.m2\repository\org\hibernate\orm\hibernate-core\6.1.7.Final\hibernate-core-6.1.7.Final.jar;C:\Users\ashuk\.m2\repository\jakarta\persistence\jakarta.persistence-api\3.1.0\jakarta.persistence-api-3.1.0.jar;C:\Users\ashuk\.m2\repository\jakarta\transaction\jakarta.transaction-api\2.0.1\jakarta.transaction-api-2.0.1.jar;C:\Users\ashuk\.m2\repository\org\jboss\logging\jboss-logging\3.5.0.Final\jboss-logging-3.5.0.Final.jar;C:\Users\ashuk\.m2\repository\org\hibernate\common\hibernate-commons-annotations\6.0.6.Final\hibernate-commons-annotations-6.0.6.Final.jar;C:\Users\ashuk\.m2\repository\org\jboss\jandex\2.4.2.Final\jandex-2.4.2.Final.jar;C:\Users\ashuk\.m2\repository\com\fasterxml\classmate\1.5.1\classmate-1.5.1.jar;C:\Users\ashuk\.m2\repository\net\bytebuddy\byte-buddy\1.12.23\byte-buddy-1.12.23.jar;C:\Users\ashuk\.m2\repository\org\glassfish\jaxb\jaxb-runtime\4.0.2\jaxb-runtime-4.0.2.jar;C:\Users\ashuk\.m2\repository\org\glassfish\jaxb\jaxb-core\4.0.2\jaxb-core-4.0.2.jar;C:\Users\ashuk\.m2\repository\org\glassfish\jaxb\txw2\4.0.2\txw2-4.0.2.jar;C:\Users\ashuk\.m2\repository\com\sun\istack\istack-commons-runtime\4.1.1\istack-commons-runtime-4.1.1.jar;C:\Users\ashuk\.m2\repository\jakarta\inject\jakarta.inject-api\2.0.0\jakarta.inject-api-2.0.0.jar;C:\Users\ashuk\.m2\repository\org\antlr\antlr4-runtime\4.10.1\antlr4-runtime-4.10.1.jar;C:\Users\ashuk\.m2\repository\org\springframework\data\spring-data-jpa\3.0.2\spring-data-jpa-3.0.2.jar;C:\Users\ashuk\.m2\repository\org\springframework\data\spring-data-commons\3.0.2\spring-data-commons-3.0.2.jar;C:\Users\ashuk\.m2\repository\org\springframework\spring-orm\6.0.5\spring-orm-6.0.5.jar;C:\Users\ashuk\.m2\repository\org\springframework\spring-context\6.0.5\spring-context-6.0.5.jar;C:\Users\ashuk\.m2\repository\org\springframework\spring-tx\6.0.5\spring-tx-6.0.5.jar;C:\Users\ashuk\.m2\repository\org\springframework\spring-beans\6.0.5\spring-beans-6.0.5.jar;C:\Users\ashuk\.m2\repository\jakarta\annotation\jakarta.annotation-api\2.1.1\jakarta.annotation-api-2.1.1.jar;C:\Users\ashuk\.m2\repository\org\slf4j\slf4j-api\2.0.6\slf4j-api-2.0.6.jar;C:\Users\ashuk\.m2\repository\org\springframework\spring-aspects\6.0.5\spring-aspects-6.0.5.jar;C:\Users\ashuk\.m2\repository\org\springframework\boot\spring-boot-starter-data-rest\3.0.3\spring-boot-starter-data-rest-3.0.3.jar;C:\Users\ashuk\.m2\repository\org\springframework\data\spring-data-rest-webmvc\4.0.2\spring-data-rest-webmvc-4.0.2.jar;C:\Users\ashuk\.m2\repository\org\springframework\data\spring-data-rest-core\4.0.2\spring-data-rest-core-4.0.2.jar;C:\Users\ashuk\.m2\repository\org\springframework\hateoas\spring-hateoas\2.0.2\spring-hateoas-2.0.2.jar;C:\Users\ashuk\.m2\repository\org\springframework\plugin\spring-plugin-core\3.0.0\spring-plugin-core-3.0.0.jar;C:\Users\ashuk\.m2\repository\org\atteo\evo-inflector\1.3\evo-inflector-1.3.jar;C:\Users\ashuk\.m2\repository\com\fasterxml\jackson\core\jackson-databind\2.14.2\jackson-databind-2.14.2.jar;C:\Users\ashuk\.m2\repository\com\fasterxml\jackson\core\jackson-core\2.14.2\jackson-core-2.14.2.jar;C:\Users\ashuk\.m2\repository\com\fasterxml\jackson\core\jackson-annotations\2.14.2\jackson-annotations-2.14.2.jar;C:\Users\ashuk\.m2\repository\org\springframework\boot\spring-boot-starter-web\3.0.3\spring-boot-starter-web-3.0.3.jar;C:\Users\ashuk\.m2\repository\org\springframework\boot\spring-boot-starter\3.0.3\spring-boot-starter-3.0.3.jar;C:\Users\ashuk\.m2\repository\org\springframework\boot\spring-boot-starter-logging\3.0.3\spring-boot-starter-logging-3.0.3.jar;C:\Users\ashuk\.m2\repository\ch\qos\logback\logback-classic\1.4.5\logback-classic-1.4.5.jar;C:\Users\ashuk\.m2\repository\ch\qos\logback\logback-core\1.4.5\logback-core-1.4.5.jar;C:\Users\ashuk\.m2\repository\org\apache\logging\log4j\log4j-to-slf4j\2.19.0\log4j-to-slf4j-2.19.0.jar;C:\Users\ashuk\.m2\repository\org\apache\logging\log4j\log4j-api\2.19.0\log4j-api-2.19.0.jar;C:\Users\ashuk\.m2\repository\org\slf4j\jul-to-slf4j\2.0.6\jul-to-slf4j-2.0.6.jar;C:\Users\ashuk\.m2\repository\org\yaml\snakeyaml\1.33\snakeyaml-1.33.jar;C:\Users\ashuk\.m2\repository\org\springframework\boot\spring-boot-starter-json\3.0.3\spring-boot-starter-json-3.0.3.jar;C:\Users\ashuk\.m2\repository\com\fasterxml\jackson\datatype\jackson-datatype-jdk8\2.14.2\jackson-datatype-jdk8-2.14.2.jar;C:\Users\ashuk\.m2\repository\com\fasterxml\jackson\datatype\jackson-datatype-jsr310\2.14.2\jackson-datatype-jsr310-2.14.2.jar;C:\Users\ashuk\.m2\repository\com\fasterxml\jackson\module\jackson-module-parameter-names\2.14.2\jackson-module-parameter-names-2.14.2.jar;C:\Users\ashuk\.m2\repository\org\springframework\boot\spring-boot-starter-tomcat\3.0.3\spring-boot-starter-tomcat-3.0.3.jar;C:\Users\ashuk\.m2\repository\org\apache\tomcat\embed\tomcat-embed-core\10.1.5\tomcat-embed-core-10.1.5.jar;C:\Users\ashuk\.m2\repository\org\apache\tomcat\embed\tomcat-embed-el\10.1.5\tomcat-embed-el-10.1.5.jar;C:\Users\ashuk\.m2\repository\org\apache\tomcat\embed\tomcat-embed-websocket\10.1.5\tomcat-embed-websocket-10.1.5.jar;C:\Users\ashuk\.m2\repository\org\springframework\spring-web\6.0.5\spring-web-6.0.5.jar;C:\Users\ashuk\.m2\repository\io\micrometer\micrometer-observation\1.10.4\micrometer-observation-1.10.4.jar;C:\Users\ashuk\.m2\repository\io\micrometer\micrometer-commons\1.10.4\micrometer-commons-1.10.4.jar;C:\Users\ashuk\.m2\repository\org\springframework\spring-webmvc\6.0.5\spring-webmvc-6.0.5.jar;C:\Users\ashuk\.m2\repository\org\springframework\spring-expression\6.0.5\spring-expression-6.0.5.jar;C:\Users\ashuk\.m2\repository\org\springframework\boot\spring-boot-starter-web-services\3.0.3\spring-boot-starter-web-services-3.0.3.jar;C:\Users\ashuk\.m2\repository\com\sun\xml\messaging\saaj\saaj-impl\3.0.0\saaj-impl-3.0.0.jar;C:\Users\ashuk\.m2\repository\jakarta\xml\soap\jakarta.xml.soap-api\3.0.0\jakarta.xml.soap-api-3.0.0.jar;C:\Users\ashuk\.m2\repository\org\jvnet\staxex\stax-ex\2.1.0\stax-ex-2.1.0.jar;C:\Users\ashuk\.m2\repository\jakarta\activation\jakarta.activation-api\2.1.1\jakarta.activation-api-2.1.1.jar;C:\Users\ashuk\.m2\repository\org\eclipse\angus\angus-activation\2.0.0\angus-activation-2.0.0.jar;C:\Users\ashuk\.m2\repository\jakarta\xml\ws\jakarta.xml.ws-api\4.0.0\jakarta.xml.ws-api-4.0.0.jar;C:\Users\ashuk\.m2\repository\org\springframework\spring-oxm\6.0.5\spring-oxm-6.0.5.jar;C:\Users\ashuk\.m2\repository\org\springframework\ws\spring-ws-core\4.0.2\spring-ws-core-4.0.2.jar;C:\Users\ashuk\.m2\repository\org\springframework\ws\spring-xml\4.0.2\spring-xml-4.0.2.jar;C:\Users\ashuk\.m2\repository\org\springframework\boot\spring-boot-starter-webflux\3.0.3\spring-boot-starter-webflux-3.0.3.jar;C:\Users\ashuk\.m2\repository\org\springframework\boot\spring-boot-starter-reactor-netty\3.0.3\spring-boot-starter-reactor-netty-3.0.3.jar;C:\Users\ashuk\.m2\repository\io\projectreactor\netty\reactor-netty-http\1.1.3\reactor-netty-http-1.1.3.jar;C:\Users\ashuk\.m2\repository\io\netty\netty-codec-http\4.1.89.Final\netty-codec-http-4.1.89.Final.jar;C:\Users\ashuk\.m2\repository\io\netty\netty-common\4.1.89.Final\netty-common-4.1.89.Final.jar;C:\Users\ashuk\.m2\repository\io\netty\netty-buffer\4.1.89.Final\netty-buffer-4.1.89.Final.jar;C:\Users\ashuk\.m2\repository\io\netty\netty-transport\4.1.89.Final\netty-transport-4.1.89.Final.jar;C:\Users\ashuk\.m2\repository\io\netty\netty-codec\4.1.89.Final\netty-codec-4.1.89.Final.jar;C:\Users\ashuk\.m2\repository\io\netty\netty-handler\4.1.89.Final\netty-handler-4.1.89.Final.jar;C:\Users\ashuk\.m2\repository\io\netty\netty-codec-http2\4.1.89.Final\netty-codec-http2-4.1.89.Final.jar;C:\Users\ashuk\.m2\repository\io\netty\netty-resolver-dns\4.1.89.Final\netty-resolver-dns-4.1.89.Final.jar;C:\Users\ashuk\.m2\repository\io\netty\netty-resolver\4.1.89.Final\netty-resolver-4.1.89.Final.jar;C:\Users\ashuk\.m2\repository\io\netty\netty-codec-dns\4.1.89.Final\netty-codec-dns-4.1.89.Final.jar;C:\Users\ashuk\.m2\repository\io\netty\netty-resolver-dns-native-macos\4.1.89.Final\netty-resolver-dns-native-macos-4.1.89.Final-osx-x86_64.jar;C:\Users\ashuk\.m2\repository\io\netty\netty-resolver-dns-classes-macos\4.1.89.Final\netty-resolver-dns-classes-macos-4.1.89.Final.jar;C:\Users\ashuk\.m2\repository\io\netty\netty-transport-native-epoll\4.1.89.Final\netty-transport-native-epoll-4.1.89.Final-linux-x86_64.jar;C:\Users\ashuk\.m2\repository\io\netty\netty-transport-native-unix-common\4.1.89.Final\netty-transport-native-unix-common-4.1.89.Final.jar;C:\Users\ashuk\.m2\repository\io\netty\netty-transport-classes-epoll\4.1.89.Final\netty-transport-classes-epoll-4.1.89.Final.jar;C:\Users\ashuk\.m2\repository\io\projectreactor\netty\reactor-netty-core\1.1.3\reactor-netty-core-1.1.3.jar;C:\Users\ashuk\.m2\repository\io\netty\netty-handler-proxy\4.1.89.Final\netty-handler-proxy-4.1.89.Final.jar;C:\Users\ashuk\.m2\repository\io\netty\netty-codec-socks\4.1.89.Final\netty-codec-socks-4.1.89.Final.jar;C:\Users\ashuk\.m2\repository\org\springframework\spring-webflux\6.0.5\spring-webflux-6.0.5.jar;C:\Users\ashuk\.m2\repository\org\springframework\boot\spring-boot-devtools\3.0.3\spring-boot-devtools-3.0.3.jar;C:\Users\ashuk\.m2\repository\org\springframework\boot\spring-boot\3.0.3\spring-boot-3.0.3.jar;C:\Users\ashuk\.m2\repository\org\springframework\boot\spring-boot-autoconfigure\3.0.3\spring-boot-autoconfigure-3.0.3.jar;C:\Users\ashuk\.m2\repository\com\mysql\mysql-connector-j\8.0.32\mysql-connector-j-8.0.32.jar;C:\Users\ashuk\.m2\repository\org\springframework\boot\spring-boot-starter-test\3.0.3\spring-boot-starter-test-3.0.3.jar;C:\Users\ashuk\.m2\repository\org\springframework\boot\spring-boot-test\3.0.3\spring-boot-test-3.0.3.jar;C:\Users\ashuk\.m2\repository\org\springframework\boot\spring-boot-test-autoconfigure\3.0.3\spring-boot-test-autoconfigure-3.0.3.jar;C:\Users\ashuk\.m2\repository\com\jayway\jsonpath\json-path\2.7.0\json-path-2.7.0.jar;C:\Users\ashuk\.m2\repository\net\minidev\json-smart\2.4.8\json-smart-2.4.8.jar;C:\Users\ashuk\.m2\repository\net\minidev\accessors-smart\2.4.8\accessors-smart-2.4.8.jar;C:\Users\ashuk\.m2\repository\org\ow2\asm\asm\9.1\asm-9.1.jar;C:\Users\ashuk\.m2\repository\jakarta\xml\bind\jakarta.xml.bind-api\4.0.0\jakarta.xml.bind-api-4.0.0.jar;C:\Users\ashuk\.m2\repository\org\assertj\assertj-core\3.23.1\assertj-core-3.23.1.jar;C:\Users\ashuk\.m2\repository\org\hamcrest\hamcrest\2.2\hamcrest-2.2.jar;C:\Users\ashuk\.m2\repository\org\junit\jupiter\junit-jupiter\5.9.2\junit-jupiter-5.9.2.jar;C:\Users\ashuk\.m2\repository\org\junit\jupiter\junit-jupiter-api\5.9.2\junit-jupiter-api-5.9.2.jar;C:\Users\ashuk\.m2\repository\org\opentest4j\opentest4j\1.2.0\opentest4j-1.2.0.jar;C:\Users\ashuk\.m2\repository\org\junit\platform\junit-platform-commons\1.9.2\junit-platform-commons-1.9.2.jar;C:\Users\ashuk\.m2\repository\org\apiguardian\apiguardian-api\1.1.2\apiguardian-api-1.1.2.jar;C:\Users\ashuk\.m2\repository\org\junit\jupiter\junit-jupiter-params\5.9.2\junit-jupiter-params-5.9.2.jar;C:\Users\ashuk\.m2\repository\org\junit\jupiter\junit-jupiter-engine\5.9.2\junit-jupiter-engine-5.9.2.jar;C:\Users\ashuk\.m2\repository\org\junit\platform\junit-platform-engine\1.9.2\junit-platform-engine-1.9.2.jar;C:\Users\ashuk\.m2\repository\org\mockito\mockito-core\4.8.1\mockito-core-4.8.1.jar;C:\Users\ashuk\.m2\repository\net\bytebuddy\byte-buddy-agent\1.12.23\byte-buddy-agent-1.12.23.jar;C:\Users\ashuk\.m2\repository\org\objenesis\objenesis\3.2\objenesis-3.2.jar;C:\Users\ashuk\.m2\repository\org\mockito\mockito-junit-jupiter\4.8.1\mockito-junit-jupiter-4.8.1.jar;C:\Users\ashuk\.m2\repository\org\skyscreamer\jsonassert\1.5.1\jsonassert-1.5.1.jar;C:\Users\ashuk\.m2\repository\com\vaadin\external\google\android-json\0.0.20131108.vaadin1\android-json-0.0.20131108.vaadin1.jar;C:\Users\ashuk\.m2\repository\org\springframework\spring-core\6.0.5\spring-core-6.0.5.jar;C:\Users\ashuk\.m2\repository\org\springframework\spring-jcl\6.0.5\spring-jcl-6.0.5.jar;C:\Users\ashuk\.m2\repository\org\springframework\spring-test\6.0.5\spring-test-6.0.5.jar;C:\Users\ashuk\.m2\repository\org\xmlunit\xmlunit-core\2.9.1\xmlunit-core-2.9.1.jar;C:\Users\ashuk\.m2\repository\io\projectreactor\reactor-test\3.5.3\reactor-test-3.5.3.jar;C:\Users\ashuk\.m2\repository\io\projectreactor\reactor-core\3.5.3\reactor-core-3.5.3.jar;C:\Users\ashuk\.m2\repository\org\reactivestreams\reactive-streams\1.0.4\reactive-streams-1.0.4.jar;C:\Users\ashuk\.m2\repository\com\h2database\h2\2.1.214\h2-2.1.214.jar;"/>
    <property name="sun.cpu.endian" value="little"/>
    <property name="user.home" value="C:\Users\ashuk"/>
    <property name="user.language" value="en"/>
    <property name="java.specification.vendor" value="Oracle Corporation"/>
    <property name="java.version.date" value="2023-01-17"/>
    <property name="java.home" value="C:\Users\ashuk\Downloads\sts-4.17.2.RELEASE\plugins\org.eclipse.justj.openjdk.hotspot.jre.full.win32.x86_64_17.0.6.v20230125-1136\jre"/>
    <property name="file.separator" value="\"/>
    <property name="style.color" value="always"/>
    <property name="basedir" value="C:\Users\ashuk\Documents\workspace-spring-tool-suite-4-4.17.2.RELEASE\Hello\miniproj1"/>
    <property name="java.vm.compressedOopsMode" value="Zero based"/>
    <property name="line.separator" value="&#10;"/>
    <property name="java.vm.specification.vendor" value="Oracle Corporation"/>
    <property name="java.specification.name" value="Java Platform API Specification"/>
    <property name="surefire.real.class.path" value="C:\Users\ashuk\AppData\Local\Temp\surefire9257967273261614093\surefirebooter2057623208131125345.jar"/>
    <property name="user.script" value=""/>
    <property name="sun.management.compiler" value="HotSpot 64-Bit Tiered Compilers"/>
    <property name="java.runtime.version" value="17.0.6+10"/>
    <property name="user.name" value="ashuk"/>
    <property name="path.separator" value=";"/>
    <property name="os.version" value="10.0"/>
    <property name="java.runtime.name" value="OpenJDK Runtime Environment"/>
    <property name="file.encoding" value="Cp1252"/>
    <property name="java.vm.name" value="OpenJDK 64-Bit Server VM"/>
    <property name="java.vendor.version" value="Temurin-17.0.6+10"/>
    <property name="localRepository" value="C:\Users\ashuk\.m2\repository"/>
    <property name="java.vendor.url.bug" value="https://github.com/adoptium/adoptium-support/issues"/>
    <property name="java.io.tmpdir" value="C:\Users\ashuk\AppData\Local\Temp\"/>
    <property name="java.version" value="17.0.6"/>
    <property name="user.dir" value="C:\Users\ashuk\Documents\workspace-spring-tool-suite-4-4.17.2.RELEASE\Hello\miniproj1"/>
    <property name="os.arch" value="amd64"/>
    <property name="java.vm.specification.name" value="Java Virtual Machine Specification"/>
    <property name="sun.os.patch.level" value=""/>
    <property name="native.encoding" value="Cp1252"/>
    <property name="java.library.path" value="C:\Users\ashuk\Downloads\sts-4.17.2.RELEASE\plugins\org.eclipse.justj.openjdk.hotspot.jre.full.win32.x86_64_17.0.6.v20230125-1136\jre\bin;C:\WINDOWS\Sun\Java\bin;C:\WINDOWS\system32;C:\WINDOWS;C:/Users/ashuk/Downloads/sts-4.17.2.RELEASE//plugins/org.eclipse.justj.openjdk.hotspot.jre.full.win32.x86_64_17.0.6.v20230125-1136/jre/bin/server;C:/Users/ashuk/Downloads/sts-4.17.2.RELEASE//plugins/org.eclipse.justj.openjdk.hotspot.jre.full.win32.x86_64_17.0.6.v20230125-1136/jre/bin;C:\Program Files\Common Files\Oracle\Java\javapath;C:\Python311\Scripts\;C:\Python311\;C:\WINDOWS\system32;C:\WINDOWS;C:\WINDOWS\System32\Wbem;C:\WINDOWS\System32\WindowsPowerShell\v1.0\;C:\WINDOWS\System32\OpenSSH\;D:\nodejs\;C:\ProgramData\chocolatey\bin;C:\Users\ashuk\AppData\Local\Microsoft\WindowsApps;C:\Users\ashuk\AppData\Local\GitHubDesktop\bin;C:\Microsoft VS Code\bin;C:\Users\ashuk\AppData\Roaming\npm;;C:\Users\ashuk\Downloads\sts-4.17.2.RELEASE;;."/>
    <property name="java.vm.info" value="mixed mode"/>
    <property name="java.vendor" value="Eclipse Adoptium"/>
    <property name="java.vm.version" value="17.0.6+10"/>
    <property name="sun.io.unicode.encoding" value="UnicodeLittle"/>
    <property name="java.class.version" value="61.0"/>
  </properties>
  <testcase name="contextLoads" classname="com.example.demo.Miniproj1ApplicationTests" time="0.014">
    <error message="Failed to load ApplicationContext for [WebMergedContextConfiguration@363fe35a testClass = com.example.demo.Miniproj1ApplicationTests, locations = [], classes = [com.example.demo.Miniproj1Application], contextInitializerClasses = [], activeProfiles = [], propertySourceLocations = [], propertySourceProperties = [&quot;org.springframework.boot.test.context.SpringBootTestContextBootstrapper=true&quot;], contextCustomizers = [org.springframework.boot.test.context.filter.ExcludeFilterContextCustomizer@345f69f3, org.springframework.boot.test.json.DuplicateJsonObjectContextCustomizerFactory$DuplicateJsonObjectContextCustomizer@71e9ebae, org.springframework.boot.test.mock.mockito.MockitoContextCustomizer@0, org.springframework.boot.test.web.client.TestRestTemplateContextCustomizer@7d446ed1, org.springframework.boot.test.web.reactive.server.WebTestClientContextCustomizer@3bd323e9, org.springframework.boot.test.autoconfigure.actuate.observability.ObservabilityContextCustomizerFactory$DisableObservabilityContextCustomizer@9da1, org.springframework.boot.test.autoconfigure.properties.PropertyMappingContextCustomizer@0, org.springframework.boot.test.autoconfigure.web.servlet.WebDriverContextCustomizerFactory$Customizer@5c44c582, org.springframework.boot.test.context.SpringBootTestAnnotation@88181997], resourceBasePath = &quot;src/main/webapp&quot;, contextLoader = org.springframework.boot.test.context.SpringBootContextLoader, parent = null]" type="java.lang.IllegalStateException">java.lang.IllegalStateException: Failed to load ApplicationContext for [WebMergedContextConfiguration@363fe35a testClass = com.example.demo.Miniproj1ApplicationTests, locations = [], classes = [com.example.demo.Miniproj1Application], contextInitializerClasses = [], activeProfiles = [], propertySourceLocations = [], propertySourceProperties = ["org.springframework.boot.test.context.SpringBootTestContextBootstrapper=true"], contextCustomizers = [org.springframework.boot.test.context.filter.ExcludeFilterContextCustomizer@345f69f3, org.springframework.boot.test.json.DuplicateJsonObjectContextCustomizerFactory$DuplicateJsonObjectContextCustomizer@71e9ebae, org.springframework.boot.test.mock.mockito.MockitoContextCustomizer@0, org.springframework.boot.test.web.client.TestRestTemplateContextCustomizer@7d446ed1, org.springframework.boot.test.web.reactive.server.WebTestClientContextCustomizer@3bd323e9, org.springframework.boot.test.autoconfigure.actuate.observability.ObservabilityContextCustomizerFactory$DisableObservabilityContextCustomizer@9da1, org.springframework.boot.test.autoconfigure.properties.PropertyMappingContextCustomizer@0, org.springframework.boot.test.autoconfigure.web.servlet.WebDriverContextCustomizerFactory$Customizer@5c44c582, org.springframework.boot.test.context.SpringBootTestAnnotation@88181997], resourceBasePath = "src/main/webapp", contextLoader = org.springframework.boot.test.context.SpringBootContextLoader, parent = null]
Caused by: org.springframework.beans.factory.UnsatisfiedDependencyException: Error creating bean with name 'requestMappingHandlerAdapter' defined in class path resource [org/springframework/boot/autoconfigure/web/servlet/WebMvcAutoConfiguration$EnableWebMvcConfiguration.class]: Unsatisfied dependency expressed through method 'requestMappingHandlerAdapter' parameter 1: Error creating bean with name 'mvcConversionService' defined in class path resource [org/springframework/boot/autoconfigure/web/servlet/WebMvcAutoConfiguration$EnableWebMvcConfiguration.class]: Failed to instantiate [org.springframework.format.support.FormattingConversionService]: Factory method 'mvcConversionService' threw exception with message: Error creating bean with name 'jsonSchemaConverter' defined in class path resource [org/springframework/data/rest/webmvc/config/RepositoryRestMvcConfiguration.class]: Unsatisfied dependency expressed through method 'jsonSchemaConverter' parameter 1: Error creating bean with name 'associationLinks' defined in class path resource [org/springframework/data/rest/webmvc/config/RepositoryRestMvcConfiguration.class]: Unsatisfied dependency expressed through method 'associationLinks' parameter 0: Error creating bean with name 'resourceMappings' defined in class path resource [org/springframework/data/rest/webmvc/config/RepositoryRestMvcConfiguration.class]: Unsatisfied dependency expressed through method 'resourceMappings' parameter 0: Error creating bean with name 'repositories' defined in class path resource [org/springframework/data/rest/webmvc/config/RepositoryRestMvcConfiguration.class]: Failed to instantiate [org.springframework.data.repository.support.Repositories]: Factory method 'repositories' threw exception with message: Error creating bean with name 'childRepo' defined in com.example.demo.Repositories.ChildRepo defined in @EnableJpaRepositories declared on JpaRepositoriesRegistrar.EnableJpaRepositoriesConfiguration: Not a managed type: class com.example.demo.Models.Child
Caused by: org.springframework.beans.factory.BeanCreationException: Error creating bean with name 'mvcConversionService' defined in class path resource [org/springframework/boot/autoconfigure/web/servlet/WebMvcAutoConfiguration$EnableWebMvcConfiguration.class]: Failed to instantiate [org.springframework.format.support.FormattingConversionService]: Factory method 'mvcConversionService' threw exception with message: Error creating bean with name 'jsonSchemaConverter' defined in class path resource [org/springframework/data/rest/webmvc/config/RepositoryRestMvcConfiguration.class]: Unsatisfied dependency expressed through method 'jsonSchemaConverter' parameter 1: Error creating bean with name 'associationLinks' defined in class path resource [org/springframework/data/rest/webmvc/config/RepositoryRestMvcConfiguration.class]: Unsatisfied dependency expressed through method 'associationLinks' parameter 0: Error creating bean with name 'resourceMappings' defined in class path resource [org/springframework/data/rest/webmvc/config/RepositoryRestMvcConfiguration.class]: Unsatisfied dependency expressed through method 'resourceMappings' parameter 0: Error creating bean with name 'repositories' defined in class path resource [org/springframework/data/rest/webmvc/config/RepositoryRestMvcConfiguration.class]: Failed to instantiate [org.springframework.data.repository.support.Repositories]: Factory method 'repositories' threw exception with message: Error creating bean with name 'childRepo' defined in com.example.demo.Repositories.ChildRepo defined in @EnableJpaRepositories declared on JpaRepositoriesRegistrar.EnableJpaRepositoriesConfiguration: Not a managed type: class com.example.demo.Models.Child
Caused by: org.springframework.beans.BeanInstantiationException: Failed to instantiate [org.springframework.format.support.FormattingConversionService]: Factory method 'mvcConversionService' threw exception with message: Error creating bean with name 'jsonSchemaConverter' defined in class path resource [org/springframework/data/rest/webmvc/config/RepositoryRestMvcConfiguration.class]: Unsatisfied dependency expressed through method 'jsonSchemaConverter' parameter 1: Error creating bean with name 'associationLinks' defined in class path resource [org/springframework/data/rest/webmvc/config/RepositoryRestMvcConfiguration.class]: Unsatisfied dependency expressed through method 'associationLinks' parameter 0: Error creating bean with name 'resourceMappings' defined in class path resource [org/springframework/data/rest/webmvc/config/RepositoryRestMvcConfiguration.class]: Unsatisfied dependency expressed through method 'resourceMappings' parameter 0: Error creating bean with name 'repositories' defined in class path resource [org/springframework/data/rest/webmvc/config/RepositoryRestMvcConfiguration.class]: Failed to instantiate [org.springframework.data.repository.support.Repositories]: Factory method 'repositories' threw exception with message: Error creating bean with name 'childRepo' defined in com.example.demo.Repositories.ChildRepo defined in @EnableJpaRepositories declared on JpaRepositoriesRegistrar.EnableJpaRepositoriesConfiguration: Not a managed type: class com.example.demo.Models.Child
Caused by: org.springframework.beans.factory.UnsatisfiedDependencyException: Error creating bean with name 'jsonSchemaConverter' defined in class path resource [org/springframework/data/rest/webmvc/config/RepositoryRestMvcConfiguration.class]: Unsatisfied dependency expressed through method 'jsonSchemaConverter' parameter 1: Error creating bean with name 'associationLinks' defined in class path resource [org/springframework/data/rest/webmvc/config/RepositoryRestMvcConfiguration.class]: Unsatisfied dependency expressed through method 'associationLinks' parameter 0: Error creating bean with name 'resourceMappings' defined in class path resource [org/springframework/data/rest/webmvc/config/RepositoryRestMvcConfiguration.class]: Unsatisfied dependency expressed through method 'resourceMappings' parameter 0: Error creating bean with name 'repositories' defined in class path resource [org/springframework/data/rest/webmvc/config/RepositoryRestMvcConfiguration.class]: Failed to instantiate [org.springframework.data.repository.support.Repositories]: Factory method 'repositories' threw exception with message: Error creating bean with name 'childRepo' defined in com.example.demo.Repositories.ChildRepo defined in @EnableJpaRepositories declared on JpaRepositoriesRegistrar.EnableJpaRepositoriesConfiguration: Not a managed type: class com.example.demo.Models.Child
Caused by: org.springframework.beans.factory.UnsatisfiedDependencyException: Error creating bean with name 'associationLinks' defined in class path resource [org/springframework/data/rest/webmvc/config/RepositoryRestMvcConfiguration.class]: Unsatisfied dependency expressed through method 'associationLinks' parameter 0: Error creating bean with name 'resourceMappings' defined in class path resource [org/springframework/data/rest/webmvc/config/RepositoryRestMvcConfiguration.class]: Unsatisfied dependency expressed through method 'resourceMappings' parameter 0: Error creating bean with name 'repositories' defined in class path resource [org/springframework/data/rest/webmvc/config/RepositoryRestMvcConfiguration.class]: Failed to instantiate [org.springframework.data.repository.support.Repositories]: Factory method 'repositories' threw exception with message: Error creating bean with name 'childRepo' defined in com.example.demo.Repositories.ChildRepo defined in @EnableJpaRepositories declared on JpaRepositoriesRegistrar.EnableJpaRepositoriesConfiguration: Not a managed type: class com.example.demo.Models.Child
Caused by: org.springframework.beans.factory.UnsatisfiedDependencyException: Error creating bean with name 'resourceMappings' defined in class path resource [org/springframework/data/rest/webmvc/config/RepositoryRestMvcConfiguration.class]: Unsatisfied dependency expressed through method 'resourceMappings' parameter 0: Error creating bean with name 'repositories' defined in class path resource [org/springframework/data/rest/webmvc/config/RepositoryRestMvcConfiguration.class]: Failed to instantiate [org.springframework.data.repository.support.Repositories]: Factory method 'repositories' threw exception with message: Error creating bean with name 'childRepo' defined in com.example.demo.Repositories.ChildRepo defined in @EnableJpaRepositories declared on JpaRepositoriesRegistrar.EnableJpaRepositoriesConfiguration: Not a managed type: class com.example.demo.Models.Child
Caused by: org.springframework.beans.factory.BeanCreationException: Error creating bean with name 'repositories' defined in class path resource [org/springframework/data/rest/webmvc/config/RepositoryRestMvcConfiguration.class]: Failed to instantiate [org.springframework.data.repository.support.Repositories]: Factory method 'repositories' threw exception with message: Error creating bean with name 'childRepo' defined in com.example.demo.Repositories.ChildRepo defined in @EnableJpaRepositories declared on JpaRepositoriesRegistrar.EnableJpaRepositoriesConfiguration: Not a managed type: class com.example.demo.Models.Child
Caused by: org.springframework.beans.BeanInstantiationException: Failed to instantiate [org.springframework.data.repository.support.Repositories]: Factory method 'repositories' threw exception with message: Error creating bean with name 'childRepo' defined in com.example.demo.Repositories.ChildRepo defined in @EnableJpaRepositories declared on JpaRepositoriesRegistrar.EnableJpaRepositoriesConfiguration: Not a managed type: class com.example.demo.Models.Child
Caused by: org.springframework.beans.factory.BeanCreationException: Error creating bean with name 'childRepo' defined in com.example.demo.Repositories.ChildRepo defined in @EnableJpaRepositories declared on JpaRepositoriesRegistrar.EnableJpaRepositoriesConfiguration: Not a managed type: class com.example.demo.Models.Child
Caused by: java.lang.IllegalArgumentException: Not a managed type: class com.example.demo.Models.Child
</error>
    <system-out><![CDATA[12:18:18.153 [main] DEBUG org.springframework.boot.test.context.SpringBootTestContextBootstrapper - Neither @ContextConfiguration nor @ContextHierarchy found for test class [Miniproj1ApplicationTests]: using SpringBootContextLoader
12:18:18.159 [main] DEBUG org.springframework.test.context.support.AbstractContextLoader - Could not detect default resource locations for test class [com.example.demo.Miniproj1ApplicationTests]: no resource found for suffixes {-context.xml, Context.groovy}.
12:18:18.159 [main] INFO org.springframework.test.context.support.AnnotationConfigContextLoaderUtils - Could not detect default configuration classes for test class [com.example.demo.Miniproj1ApplicationTests]: Miniproj1ApplicationTests does not declare any static, non-private, non-final, nested classes annotated with @Configuration.
12:18:18.188 [main] DEBUG org.springframework.boot.test.context.SpringBootTestContextBootstrapper - Using ContextCustomizers for test class [Miniproj1ApplicationTests]: [ExcludeFilterContextCustomizer, DuplicateJsonObjectContextCustomizer, MockitoContextCustomizer, TestRestTemplateContextCustomizer, WebTestClientContextCustomizer, DisableObservabilityContextCustomizer, PropertyMappingContextCustomizer, Customizer]
12:18:18.255 [main] DEBUG org.springframework.context.annotation.ClassPathScanningCandidateComponentProvider - Identified candidate component class: file [C:\Users\ashuk\Documents\workspace-spring-tool-suite-4-4.17.2.RELEASE\Hello\miniproj1\target\classes\com\example\demo\Miniproj1Application.class]
12:18:18.258 [main] INFO org.springframework.boot.test.context.SpringBootTestContextBootstrapper - Found @SpringBootConfiguration com.example.demo.Miniproj1Application for test class com.example.demo.Miniproj1ApplicationTests
12:18:18.389 [main] DEBUG org.springframework.boot.test.context.SpringBootTestContextBootstrapper - Using TestExecutionListeners for test class [Miniproj1ApplicationTests]: [ServletTestExecutionListener, DirtiesContextBeforeModesTestExecutionListener, ApplicationEventsTestExecutionListener, MockitoTestExecutionListener, DependencyInjectionTestExecutionListener, DirtiesContextTestExecutionListener, TransactionalTestExecutionListener, SqlScriptsTestExecutionListener, EventPublishingTestExecutionListener, ResetMocksTestExecutionListener, RestDocsTestExecutionListener, MockRestServiceServerResetTestExecutionListener, MockMvcPrintOnlyOnFailureTestExecutionListener, WebDriverTestExecutionListener, MockWebServiceServerTestExecutionListener]
12:18:18.391 [main] DEBUG org.springframework.test.context.support.AbstractDirtiesContextTestExecutionListener - Before test class: class [Miniproj1ApplicationTests], class annotated with @DirtiesContext [false] with mode [null]

  .   ____          _            __ _ _
 /\\ / ___'_ __ _ _(_)_ __  __ _ \ \ \ \
( ( )\___ | '_ | '_| | '_ \/ _` | \ \ \ \
 \\/  ___)| |_)| | | | | || (_| |  ) ) ) )
  '  |____| .__|_| |_|_| |_\__, | / / / /
 =========|_|==============|___/=/_/_/_/
 :: Spring Boot ::                (v3.0.3)

2023-02-27T12:18:18.739+05:30  INFO 12068 --- [           main] c.e.demo.Miniproj1ApplicationTests       : Starting Miniproj1ApplicationTests using Java 17.0.6 with PID 12068 (started by ashuk in C:\Users\ashuk\Documents\workspace-spring-tool-suite-4-4.17.2.RELEASE\Hello\miniproj1)
2023-02-27T12:18:18.740+05:30  INFO 12068 --- [           main] c.e.demo.Miniproj1ApplicationTests       : No active profile set, falling back to 1 default profile: "default"
2023-02-27T12:18:19.580+05:30  INFO 12068 --- [           main] .s.d.r.c.RepositoryConfigurationDelegate : Bootstrapping Spring Data JPA repositories in DEFAULT mode.
2023-02-27T12:18:19.740+05:30  INFO 12068 --- [           main] .s.d.r.c.RepositoryConfigurationDelegate : Finished Spring Data repository scanning in 139 ms. Found 1 JPA repository interfaces.
2023-02-27T12:18:20.310+05:30  INFO 12068 --- [           main] trationDelegate$BeanPostProcessorChecker : Bean 'org.springframework.ws.config.annotation.DelegatingWsConfiguration' of type [org.springframework.ws.config.annotation.DelegatingWsConfiguration$$SpringCGLIB$$0] is not eligible for getting processed by all BeanPostProcessors (for example: not eligible for auto-proxying)
2023-02-27T12:18:20.386+05:30  INFO 12068 --- [           main] .w.s.a.s.AnnotationActionEndpointMapping : Supporting [WS-Addressing August 2004, WS-Addressing 1.0]
2023-02-27T12:18:20.662+05:30  INFO 12068 --- [           main] com.zaxxer.hikari.HikariDataSource       : HikariPool-1 - Starting...
2023-02-27T12:18:20.871+05:30  INFO 12068 --- [           main] com.zaxxer.hikari.pool.HikariPool        : HikariPool-1 - Added connection conn0: url=jdbc:h2:mem:73438de3-0aa2-4b43-8f8e-9b3cd618a709 user=SA
2023-02-27T12:18:20.873+05:30  INFO 12068 --- [           main] com.zaxxer.hikari.HikariDataSource       : HikariPool-1 - Start completed.
2023-02-27T12:18:20.957+05:30  INFO 12068 --- [           main] o.hibernate.jpa.internal.util.LogHelper  : HHH000204: Processing PersistenceUnitInfo [name: default]
2023-02-27T12:18:21.002+05:30  INFO 12068 --- [           main] org.hibernate.Version                    : HHH000412: Hibernate ORM core version 6.1.7.Final
2023-02-27T12:18:21.487+05:30  INFO 12068 --- [           main] SQL dialect                              : HHH000400: Using dialect: org.hibernate.dialect.H2Dialect
2023-02-27T12:18:21.753+05:30  INFO 12068 --- [           main] o.h.e.t.j.p.i.JtaPlatformInitiator       : HHH000490: Using JtaPlatform implementation: [org.hibernate.engine.transaction.jta.platform.internal.NoJtaPlatform]
2023-02-27T12:18:21.765+05:30  INFO 12068 --- [           main] j.LocalContainerEntityManagerFactoryBean : Initialized JPA EntityManagerFactory for persistence unit 'default'
2023-02-27T12:18:22.059+05:30  WARN 12068 --- [           main] JpaBaseConfiguration$JpaWebConfiguration : spring.jpa.open-in-view is enabled by default. Therefore, database queries may be performed during view rendering. Explicitly configure spring.jpa.open-in-view to disable this warning
2023-02-27T12:18:22.341+05:30  WARN 12068 --- [           main] o.s.w.c.s.GenericWebApplicationContext   : Exception encountered during context initialization - cancelling refresh attempt: org.springframework.beans.factory.UnsatisfiedDependencyException: Error creating bean with name 'requestMappingHandlerAdapter' defined in class path resource [org/springframework/boot/autoconfigure/web/servlet/WebMvcAutoConfiguration$EnableWebMvcConfiguration.class]: Unsatisfied dependency expressed through method 'requestMappingHandlerAdapter' parameter 1: Error creating bean with name 'mvcConversionService' defined in class path resource [org/springframework/boot/autoconfigure/web/servlet/WebMvcAutoConfiguration$EnableWebMvcConfiguration.class]: Failed to instantiate [org.springframework.format.support.FormattingConversionService]: Factory method 'mvcConversionService' threw exception with message: Error creating bean with name 'jsonSchemaConverter' defined in class path resource [org/springframework/data/rest/webmvc/config/RepositoryRestMvcConfiguration.class]: Unsatisfied dependency expressed through method 'jsonSchemaConverter' parameter 1: Error creating bean with name 'associationLinks' defined in class path resource [org/springframework/data/rest/webmvc/config/RepositoryRestMvcConfiguration.class]: Unsatisfied dependency expressed through method 'associationLinks' parameter 0: Error creating bean with name 'resourceMappings' defined in class path resource [org/springframework/data/rest/webmvc/config/RepositoryRestMvcConfiguration.class]: Unsatisfied dependency expressed through method 'resourceMappings' parameter 0: Error creating bean with name 'repositories' defined in class path resource [org/springframework/data/rest/webmvc/config/RepositoryRestMvcConfiguration.class]: Failed to instantiate [org.springframework.data.repository.support.Repositories]: Factory method 'repositories' threw exception with message: Error creating bean with name 'childRepo' defined in com.example.demo.Repositories.ChildRepo defined in @EnableJpaRepositories declared on JpaRepositoriesRegistrar.EnableJpaRepositoriesConfiguration: Not a managed type: class com.example.demo.Models.Child
2023-02-27T12:18:22.342+05:30  INFO 12068 --- [           main] j.LocalContainerEntityManagerFactoryBean : Closing JPA EntityManagerFactory for persistence unit 'default'
2023-02-27T12:18:22.344+05:30  INFO 12068 --- [           main] com.zaxxer.hikari.HikariDataSource       : HikariPool-1 - Shutdown initiated...
2023-02-27T12:18:22.350+05:30  INFO 12068 --- [           main] com.zaxxer.hikari.HikariDataSource       : HikariPool-1 - Shutdown completed.
2023-02-27T12:18:22.364+05:30  INFO 12068 --- [           main] .s.b.a.l.ConditionEvaluationReportLogger : 

Error starting ApplicationContext. To display the condition evaluation report re-run your application with 'debug' enabled.
2023-02-27T12:18:22.407+05:30 ERROR 12068 --- [           main] o.s.boot.SpringApplication               : Application run failed

org.springframework.beans.factory.UnsatisfiedDependencyException: Error creating bean with name 'requestMappingHandlerAdapter' defined in class path resource [org/springframework/boot/autoconfigure/web/servlet/WebMvcAutoConfiguration$EnableWebMvcConfiguration.class]: Unsatisfied dependency expressed through method 'requestMappingHandlerAdapter' parameter 1: Error creating bean with name 'mvcConversionService' defined in class path resource [org/springframework/boot/autoconfigure/web/servlet/WebMvcAutoConfiguration$EnableWebMvcConfiguration.class]: Failed to instantiate [org.springframework.format.support.FormattingConversionService]: Factory method 'mvcConversionService' threw exception with message: Error creating bean with name 'jsonSchemaConverter' defined in class path resource [org/springframework/data/rest/webmvc/config/RepositoryRestMvcConfiguration.class]: Unsatisfied dependency expressed through method 'jsonSchemaConverter' parameter 1: Error creating bean with name 'associationLinks' defined in class path resource [org/springframework/data/rest/webmvc/config/RepositoryRestMvcConfiguration.class]: Unsatisfied dependency expressed through method 'associationLinks' parameter 0: Error creating bean with name 'resourceMappings' defined in class path resource [org/springframework/data/rest/webmvc/config/RepositoryRestMvcConfiguration.class]: Unsatisfied dependency expressed through method 'resourceMappings' parameter 0: Error creating bean with name 'repositories' defined in class path resource [org/springframework/data/rest/webmvc/config/RepositoryRestMvcConfiguration.class]: Failed to instantiate [org.springframework.data.repository.support.Repositories]: Factory method 'repositories' threw exception with message: Error creating bean with name 'childRepo' defined in com.example.demo.Repositories.ChildRepo defined in @EnableJpaRepositories declared on JpaRepositoriesRegistrar.EnableJpaRepositoriesConfiguration: Not a managed type: class com.example.demo.Models.Child
	at org.springframework.beans.factory.support.ConstructorResolver.createArgumentArray(ConstructorResolver.java:798) ~[spring-beans-6.0.5.jar:6.0.5]
	at org.springframework.beans.factory.support.ConstructorResolver.instantiateUsingFactoryMethod(ConstructorResolver.java:548) ~[spring-beans-6.0.5.jar:6.0.5]
	at org.springframework.beans.factory.support.AbstractAutowireCapableBeanFactory.instantiateUsingFactoryMethod(AbstractAutowireCapableBeanFactory.java:1325) ~[spring-beans-6.0.5.jar:6.0.5]
	at org.springframework.beans.factory.support.AbstractAutowireCapableBeanFactory.createBeanInstance(AbstractAutowireCapableBeanFactory.java:1162) ~[spring-beans-6.0.5.jar:6.0.5]
	at org.springframework.beans.factory.support.AbstractAutowireCapableBeanFactory.doCreateBean(AbstractAutowireCapableBeanFactory.java:562) ~[spring-beans-6.0.5.jar:6.0.5]
	at org.springframework.beans.factory.support.AbstractAutowireCapableBeanFactory.createBean(AbstractAutowireCapableBeanFactory.java:522) ~[spring-beans-6.0.5.jar:6.0.5]
	at org.springframework.beans.factory.support.AbstractBeanFactory.lambda$doGetBean$0(AbstractBeanFactory.java:326) ~[spring-beans-6.0.5.jar:6.0.5]
	at org.springframework.beans.factory.support.DefaultSingletonBeanRegistry.getSingleton(DefaultSingletonBeanRegistry.java:234) ~[spring-beans-6.0.5.jar:6.0.5]
	at org.springframework.beans.factory.support.AbstractBeanFactory.doGetBean(AbstractBeanFactory.java:324) ~[spring-beans-6.0.5.jar:6.0.5]
	at org.springframework.beans.factory.support.AbstractBeanFactory.getBean(AbstractBeanFactory.java:200) ~[spring-beans-6.0.5.jar:6.0.5]
	at org.springframework.beans.factory.support.DefaultListableBeanFactory.preInstantiateSingletons(DefaultListableBeanFactory.java:961) ~[spring-beans-6.0.5.jar:6.0.5]
	at org.springframework.context.support.AbstractApplicationContext.finishBeanFactoryInitialization(AbstractApplicationContext.java:917) ~[spring-context-6.0.5.jar:6.0.5]
	at org.springframework.context.support.AbstractApplicationContext.refresh(AbstractApplicationContext.java:584) ~[spring-context-6.0.5.jar:6.0.5]
	at org.springframework.boot.SpringApplication.refresh(SpringApplication.java:732) ~[spring-boot-3.0.3.jar:3.0.3]
	at org.springframework.boot.SpringApplication.refreshContext(SpringApplication.java:434) ~[spring-boot-3.0.3.jar:3.0.3]
	at org.springframework.boot.SpringApplication.run(SpringApplication.java:310) ~[spring-boot-3.0.3.jar:3.0.3]
	at org.springframework.boot.test.context.SpringBootContextLoader.lambda$loadContext$3(SpringBootContextLoader.java:137) ~[spring-boot-test-3.0.3.jar:3.0.3]
	at org.springframework.util.function.ThrowingSupplier.get(ThrowingSupplier.java:59) ~[spring-core-6.0.5.jar:6.0.5]
	at org.springframework.util.function.ThrowingSupplier.get(ThrowingSupplier.java:47) ~[spring-core-6.0.5.jar:6.0.5]
	at org.springframework.boot.SpringApplication.withHook(SpringApplication.java:1388) ~[spring-boot-3.0.3.jar:3.0.3]
	at org.springframework.boot.test.context.SpringBootContextLoader$ContextLoaderHook.run(SpringBootContextLoader.java:545) ~[spring-boot-test-3.0.3.jar:3.0.3]
	at org.springframework.boot.test.context.SpringBootContextLoader.loadContext(SpringBootContextLoader.java:137) ~[spring-boot-test-3.0.3.jar:3.0.3]
	at org.springframework.boot.test.context.SpringBootContextLoader.loadContext(SpringBootContextLoader.java:108) ~[spring-boot-test-3.0.3.jar:3.0.3]
	at org.springframework.test.context.cache.DefaultCacheAwareContextLoaderDelegate.loadContextInternal(DefaultCacheAwareContextLoaderDelegate.java:184) ~[spring-test-6.0.5.jar:6.0.5]
	at org.springframework.test.context.cache.DefaultCacheAwareContextLoaderDelegate.loadContext(DefaultCacheAwareContextLoaderDelegate.java:118) ~[spring-test-6.0.5.jar:6.0.5]
	at org.springframework.test.context.support.DefaultTestContext.getApplicationContext(DefaultTestContext.java:127) ~[spring-test-6.0.5.jar:6.0.5]
	at org.springframework.test.context.web.ServletTestExecutionListener.setUpRequestContextIfNecessary(ServletTestExecutionListener.java:191) ~[spring-test-6.0.5.jar:6.0.5]
	at org.springframework.test.context.web.ServletTestExecutionListener.prepareTestInstance(ServletTestExecutionListener.java:130) ~[spring-test-6.0.5.jar:6.0.5]
	at org.springframework.test.context.TestContextManager.prepareTestInstance(TestContextManager.java:241) ~[spring-test-6.0.5.jar:6.0.5]
	at org.springframework.test.context.junit.jupiter.SpringExtension.postProcessTestInstance(SpringExtension.java:138) ~[spring-test-6.0.5.jar:6.0.5]
	at org.junit.jupiter.engine.descriptor.ClassBasedTestDescriptor.lambda$invokeTestInstancePostProcessors$10(ClassBasedTestDescriptor.java:377) ~[junit-jupiter-engine-5.9.2.jar:5.9.2]
	at org.junit.jupiter.engine.descriptor.ClassBasedTestDescriptor.executeAndMaskThrowable(ClassBasedTestDescriptor.java:382) ~[junit-jupiter-engine-5.9.2.jar:5.9.2]
	at org.junit.jupiter.engine.descriptor.ClassBasedTestDescriptor.lambda$invokeTestInstancePostProcessors$11(ClassBasedTestDescriptor.java:377) ~[junit-jupiter-engine-5.9.2.jar:5.9.2]
	at java.base/java.util.stream.ReferencePipeline$3$1.accept(ReferencePipeline.java:197) ~[na:na]
	at java.base/java.util.stream.ReferencePipeline$2$1.accept(ReferencePipeline.java:179) ~[na:na]
	at java.base/java.util.ArrayList$ArrayListSpliterator.forEachRemaining(ArrayList.java:1625) ~[na:na]
	at java.base/java.util.stream.AbstractPipeline.copyInto(AbstractPipeline.java:509) ~[na:na]
	at java.base/java.util.stream.AbstractPipeline.wrapAndCopyInto(AbstractPipeline.java:499) ~[na:na]
	at java.base/java.util.stream.StreamSpliterators$WrappingSpliterator.forEachRemaining(StreamSpliterators.java:310) ~[na:na]
	at java.base/java.util.stream.Streams$ConcatSpliterator.forEachRemaining(Streams.java:735) ~[na:na]
	at java.base/java.util.stream.Streams$ConcatSpliterator.forEachRemaining(Streams.java:734) ~[na:na]
	at java.base/java.util.stream.ReferencePipeline$Head.forEach(ReferencePipeline.java:762) ~[na:na]
	at org.junit.jupiter.engine.descriptor.ClassBasedTestDescriptor.invokeTestInstancePostProcessors(ClassBasedTestDescriptor.java:376) ~[junit-jupiter-engine-5.9.2.jar:5.9.2]
	at org.junit.jupiter.engine.descriptor.ClassBasedTestDescriptor.lambda$instantiateAndPostProcessTestInstance$6(ClassBasedTestDescriptor.java:289) ~[junit-jupiter-engine-5.9.2.jar:5.9.2]
	at org.junit.platform.engine.support.hierarchical.ThrowableCollector.execute(ThrowableCollector.java:73) ~[junit-platform-engine-1.9.2.jar:1.9.2]
	at org.junit.jupiter.engine.descriptor.ClassBasedTestDescriptor.instantiateAndPostProcessTestInstance(ClassBasedTestDescriptor.java:288) ~[junit-jupiter-engine-5.9.2.jar:5.9.2]
	at org.junit.jupiter.engine.descriptor.ClassBasedTestDescriptor.lambda$testInstancesProvider$4(ClassBasedTestDescriptor.java:278) ~[junit-jupiter-engine-5.9.2.jar:5.9.2]
	at java.base/java.util.Optional.orElseGet(Optional.java:364) ~[na:na]
	at org.junit.jupiter.engine.descriptor.ClassBasedTestDescriptor.lambda$testInstancesProvider$5(ClassBasedTestDescriptor.java:277) ~[junit-jupiter-engine-5.9.2.jar:5.9.2]
	at org.junit.jupiter.engine.execution.TestInstancesProvider.getTestInstances(TestInstancesProvider.java:31) ~[junit-jupiter-engine-5.9.2.jar:5.9.2]
	at org.junit.jupiter.engine.descriptor.TestMethodTestDescriptor.lambda$prepare$0(TestMethodTestDescriptor.java:105) ~[junit-jupiter-engine-5.9.2.jar:5.9.2]
	at org.junit.platform.engine.support.hierarchical.ThrowableCollector.execute(ThrowableCollector.java:73) ~[junit-platform-engine-1.9.2.jar:1.9.2]
	at org.junit.jupiter.engine.descriptor.TestMethodTestDescriptor.prepare(TestMethodTestDescriptor.java:104) ~[junit-jupiter-engine-5.9.2.jar:5.9.2]
	at org.junit.jupiter.engine.descriptor.TestMethodTestDescriptor.prepare(TestMethodTestDescriptor.java:68) ~[junit-jupiter-engine-5.9.2.jar:5.9.2]
	at org.junit.platform.engine.support.hierarchical.NodeTestTask.lambda$prepare$2(NodeTestTask.java:123) ~[junit-platform-engine-1.9.2.jar:1.9.2]
	at org.junit.platform.engine.support.hierarchical.ThrowableCollector.execute(ThrowableCollector.java:73) ~[junit-platform-engine-1.9.2.jar:1.9.2]
	at org.junit.platform.engine.support.hierarchical.NodeTestTask.prepare(NodeTestTask.java:123) ~[junit-platform-engine-1.9.2.jar:1.9.2]
	at org.junit.platform.engine.support.hierarchical.NodeTestTask.execute(NodeTestTask.java:90) ~[junit-platform-engine-1.9.2.jar:1.9.2]
	at java.base/java.util.ArrayList.forEach(ArrayList.java:1511) ~[na:na]
	at org.junit.platform.engine.support.hierarchical.SameThreadHierarchicalTestExecutorService.invokeAll(SameThreadHierarchicalTestExecutorService.java:41) ~[junit-platform-engine-1.9.2.jar:1.9.2]
	at org.junit.platform.engine.support.hierarchical.NodeTestTask.lambda$executeRecursively$6(NodeTestTask.java:155) ~[junit-platform-engine-1.9.2.jar:1.9.2]
	at org.junit.platform.engine.support.hierarchical.ThrowableCollector.execute(ThrowableCollector.java:73) ~[junit-platform-engine-1.9.2.jar:1.9.2]
	at org.junit.platform.engine.support.hierarchical.NodeTestTask.lambda$executeRecursively$8(NodeTestTask.java:141) ~[junit-platform-engine-1.9.2.jar:1.9.2]
	at org.junit.platform.engine.support.hierarchical.Node.around(Node.java:137) ~[junit-platform-engine-1.9.2.jar:1.9.2]
	at org.junit.platform.engine.support.hierarchical.NodeTestTask.lambda$executeRecursively$9(NodeTestTask.java:139) ~[junit-platform-engine-1.9.2.jar:1.9.2]
	at org.junit.platform.engine.support.hierarchical.ThrowableCollector.execute(ThrowableCollector.java:73) ~[junit-platform-engine-1.9.2.jar:1.9.2]
	at org.junit.platform.engine.support.hierarchical.NodeTestTask.executeRecursively(NodeTestTask.java:138) ~[junit-platform-engine-1.9.2.jar:1.9.2]
	at org.junit.platform.engine.support.hierarchical.NodeTestTask.execute(NodeTestTask.java:95) ~[junit-platform-engine-1.9.2.jar:1.9.2]
	at java.base/java.util.ArrayList.forEach(ArrayList.java:1511) ~[na:na]
	at org.junit.platform.engine.support.hierarchical.SameThreadHierarchicalTestExecutorService.invokeAll(SameThreadHierarchicalTestExecutorService.java:41) ~[junit-platform-engine-1.9.2.jar:1.9.2]
	at org.junit.platform.engine.support.hierarchical.NodeTestTask.lambda$executeRecursively$6(NodeTestTask.java:155) ~[junit-platform-engine-1.9.2.jar:1.9.2]
	at org.junit.platform.engine.support.hierarchical.ThrowableCollector.execute(ThrowableCollector.java:73) ~[junit-platform-engine-1.9.2.jar:1.9.2]
	at org.junit.platform.engine.support.hierarchical.NodeTestTask.lambda$executeRecursively$8(NodeTestTask.java:141) ~[junit-platform-engine-1.9.2.jar:1.9.2]
	at org.junit.platform.engine.support.hierarchical.Node.around(Node.java:137) ~[junit-platform-engine-1.9.2.jar:1.9.2]
	at org.junit.platform.engine.support.hierarchical.NodeTestTask.lambda$executeRecursively$9(NodeTestTask.java:139) ~[junit-platform-engine-1.9.2.jar:1.9.2]
	at org.junit.platform.engine.support.hierarchical.ThrowableCollector.execute(ThrowableCollector.java:73) ~[junit-platform-engine-1.9.2.jar:1.9.2]
	at org.junit.platform.engine.support.hierarchical.NodeTestTask.executeRecursively(NodeTestTask.java:138) ~[junit-platform-engine-1.9.2.jar:1.9.2]
	at org.junit.platform.engine.support.hierarchical.NodeTestTask.execute(NodeTestTask.java:95) ~[junit-platform-engine-1.9.2.jar:1.9.2]
	at org.junit.platform.engine.support.hierarchical.SameThreadHierarchicalTestExecutorService.submit(SameThreadHierarchicalTestExecutorService.java:35) ~[junit-platform-engine-1.9.2.jar:1.9.2]
	at org.junit.platform.engine.support.hierarchical.HierarchicalTestExecutor.execute(HierarchicalTestExecutor.java:57) ~[junit-platform-engine-1.9.2.jar:1.9.2]
	at org.junit.platform.engine.support.hierarchical.HierarchicalTestEngine.execute(HierarchicalTestEngine.java:54) ~[junit-platform-engine-1.9.2.jar:1.9.2]
	at org.junit.platform.launcher.core.DefaultLauncher.execute(DefaultLauncher.java:220) ~[junit-platform-launcher-1.3.1.jar:1.3.1]
	at org.junit.platform.launcher.core.DefaultLauncher.lambda$execute$6(DefaultLauncher.java:188) ~[junit-platform-launcher-1.3.1.jar:1.3.1]
	at org.junit.platform.launcher.core.DefaultLauncher.withInterceptedStreams(DefaultLauncher.java:202) ~[junit-platform-launcher-1.3.1.jar:1.3.1]
	at org.junit.platform.launcher.core.DefaultLauncher.execute(DefaultLauncher.java:181) ~[junit-platform-launcher-1.3.1.jar:1.3.1]
	at org.junit.platform.launcher.core.DefaultLauncher.execute(DefaultLauncher.java:128) ~[junit-platform-launcher-1.3.1.jar:1.3.1]
	at org.apache.maven.surefire.junitplatform.JUnitPlatformProvider.invokeAllTests(JUnitPlatformProvider.java:150) ~[surefire-junit-platform-2.22.2.jar:2.22.2]
	at org.apache.maven.surefire.junitplatform.JUnitPlatformProvider.invoke(JUnitPlatformProvider.java:124) ~[surefire-junit-platform-2.22.2.jar:2.22.2]
	at org.apache.maven.surefire.booter.ForkedBooter.invokeProviderInSameClassLoader(ForkedBooter.java:384) ~[surefire-booter-2.22.2.jar:2.22.2]
	at org.apache.maven.surefire.booter.ForkedBooter.runSuitesInProcess(ForkedBooter.java:345) ~[surefire-booter-2.22.2.jar:2.22.2]
	at org.apache.maven.surefire.booter.ForkedBooter.execute(ForkedBooter.java:126) ~[surefire-booter-2.22.2.jar:2.22.2]
	at org.apache.maven.surefire.booter.ForkedBooter.main(ForkedBooter.java:418) ~[surefire-booter-2.22.2.jar:2.22.2]
Caused by: org.springframework.beans.factory.BeanCreationException: Error creating bean with name 'mvcConversionService' defined in class path resource [org/springframework/boot/autoconfigure/web/servlet/WebMvcAutoConfiguration$EnableWebMvcConfiguration.class]: Failed to instantiate [org.springframework.format.support.FormattingConversionService]: Factory method 'mvcConversionService' threw exception with message: Error creating bean with name 'jsonSchemaConverter' defined in class path resource [org/springframework/data/rest/webmvc/config/RepositoryRestMvcConfiguration.class]: Unsatisfied dependency expressed through method 'jsonSchemaConverter' parameter 1: Error creating bean with name 'associationLinks' defined in class path resource [org/springframework/data/rest/webmvc/config/RepositoryRestMvcConfiguration.class]: Unsatisfied dependency expressed through method 'associationLinks' parameter 0: Error creating bean with name 'resourceMappings' defined in class path resource [org/springframework/data/rest/webmvc/config/RepositoryRestMvcConfiguration.class]: Unsatisfied dependency expressed through method 'resourceMappings' parameter 0: Error creating bean with name 'repositories' defined in class path resource [org/springframework/data/rest/webmvc/config/RepositoryRestMvcConfiguration.class]: Failed to instantiate [org.springframework.data.repository.support.Repositories]: Factory method 'repositories' threw exception with message: Error creating bean with name 'childRepo' defined in com.example.demo.Repositories.ChildRepo defined in @EnableJpaRepositories declared on JpaRepositoriesRegistrar.EnableJpaRepositoriesConfiguration: Not a managed type: class com.example.demo.Models.Child
	at org.springframework.beans.factory.support.ConstructorResolver.instantiate(ConstructorResolver.java:657) ~[spring-beans-6.0.5.jar:6.0.5]
	at org.springframework.beans.factory.support.ConstructorResolver.instantiateUsingFactoryMethod(ConstructorResolver.java:491) ~[spring-beans-6.0.5.jar:6.0.5]
	at org.springframework.beans.factory.support.AbstractAutowireCapableBeanFactory.instantiateUsingFactoryMethod(AbstractAutowireCapableBeanFactory.java:1325) ~[spring-beans-6.0.5.jar:6.0.5]
	at org.springframework.beans.factory.support.AbstractAutowireCapableBeanFactory.createBeanInstance(AbstractAutowireCapableBeanFactory.java:1162) ~[spring-beans-6.0.5.jar:6.0.5]
	at org.springframework.beans.factory.support.AbstractAutowireCapableBeanFactory.doCreateBean(AbstractAutowireCapableBeanFactory.java:562) ~[spring-beans-6.0.5.jar:6.0.5]
	at org.springframework.beans.factory.support.AbstractAutowireCapableBeanFactory.createBean(AbstractAutowireCapableBeanFactory.java:522) ~[spring-beans-6.0.5.jar:6.0.5]
	at org.springframework.beans.factory.support.AbstractBeanFactory.lambda$doGetBean$0(AbstractBeanFactory.java:326) ~[spring-beans-6.0.5.jar:6.0.5]
	at org.springframework.beans.factory.support.DefaultSingletonBeanRegistry.getSingleton(DefaultSingletonBeanRegistry.java:234) ~[spring-beans-6.0.5.jar:6.0.5]
	at org.springframework.beans.factory.support.AbstractBeanFactory.doGetBean(AbstractBeanFactory.java:324) ~[spring-beans-6.0.5.jar:6.0.5]
	at org.springframework.beans.factory.support.AbstractBeanFactory.getBean(AbstractBeanFactory.java:200) ~[spring-beans-6.0.5.jar:6.0.5]
	at org.springframework.beans.factory.config.DependencyDescriptor.resolveCandidate(DependencyDescriptor.java:254) ~[spring-beans-6.0.5.jar:6.0.5]
	at org.springframework.beans.factory.support.DefaultListableBeanFactory.doResolveDependency(DefaultListableBeanFactory.java:1405) ~[spring-beans-6.0.5.jar:6.0.5]
	at org.springframework.beans.factory.support.DefaultListableBeanFactory.resolveDependency(DefaultListableBeanFactory.java:1325) ~[spring-beans-6.0.5.jar:6.0.5]
	at org.springframework.beans.factory.support.ConstructorResolver.resolveAutowiredArgument(ConstructorResolver.java:885) ~[spring-beans-6.0.5.jar:6.0.5]
	at org.springframework.beans.factory.support.ConstructorResolver.createArgumentArray(ConstructorResolver.java:789) ~[spring-beans-6.0.5.jar:6.0.5]
	... 91 common frames omitted
Caused by: org.springframework.beans.BeanInstantiationException: Failed to instantiate [org.springframework.format.support.FormattingConversionService]: Factory method 'mvcConversionService' threw exception with message: Error creating bean with name 'jsonSchemaConverter' defined in class path resource [org/springframework/data/rest/webmvc/config/RepositoryRestMvcConfiguration.class]: Unsatisfied dependency expressed through method 'jsonSchemaConverter' parameter 1: Error creating bean with name 'associationLinks' defined in class path resource [org/springframework/data/rest/webmvc/config/RepositoryRestMvcConfiguration.class]: Unsatisfied dependency expressed through method 'associationLinks' parameter 0: Error creating bean with name 'resourceMappings' defined in class path resource [org/springframework/data/rest/webmvc/config/RepositoryRestMvcConfiguration.class]: Unsatisfied dependency expressed through method 'resourceMappings' parameter 0: Error creating bean with name 'repositories' defined in class path resource [org/springframework/data/rest/webmvc/config/RepositoryRestMvcConfiguration.class]: Failed to instantiate [org.springframework.data.repository.support.Repositories]: Factory method 'repositories' threw exception with message: Error creating bean with name 'childRepo' defined in com.example.demo.Repositories.ChildRepo defined in @EnableJpaRepositories declared on JpaRepositoriesRegistrar.EnableJpaRepositoriesConfiguration: Not a managed type: class com.example.demo.Models.Child
	at org.springframework.beans.factory.support.SimpleInstantiationStrategy.instantiate(SimpleInstantiationStrategy.java:171) ~[spring-beans-6.0.5.jar:6.0.5]
	at org.springframework.beans.factory.support.ConstructorResolver.instantiate(ConstructorResolver.java:653) ~[spring-beans-6.0.5.jar:6.0.5]
	... 105 common frames omitted
Caused by: org.springframework.beans.factory.UnsatisfiedDependencyException: Error creating bean with name 'jsonSchemaConverter' defined in class path resource [org/springframework/data/rest/webmvc/config/RepositoryRestMvcConfiguration.class]: Unsatisfied dependency expressed through method 'jsonSchemaConverter' parameter 1: Error creating bean with name 'associationLinks' defined in class path resource [org/springframework/data/rest/webmvc/config/RepositoryRestMvcConfiguration.class]: Unsatisfied dependency expressed through method 'associationLinks' parameter 0: Error creating bean with name 'resourceMappings' defined in class path resource [org/springframework/data/rest/webmvc/config/RepositoryRestMvcConfiguration.class]: Unsatisfied dependency expressed through method 'resourceMappings' parameter 0: Error creating bean with name 'repositories' defined in class path resource [org/springframework/data/rest/webmvc/config/RepositoryRestMvcConfiguration.class]: Failed to instantiate [org.springframework.data.repository.support.Repositories]: Factory method 'repositories' threw exception with message: Error creating bean with name 'childRepo' defined in com.example.demo.Repositories.ChildRepo defined in @EnableJpaRepositories declared on JpaRepositoriesRegistrar.EnableJpaRepositoriesConfiguration: Not a managed type: class com.example.demo.Models.Child
	at org.springframework.beans.factory.support.ConstructorResolver.createArgumentArray(ConstructorResolver.java:798) ~[spring-beans-6.0.5.jar:6.0.5]
	at org.springframework.beans.factory.support.ConstructorResolver.instantiateUsingFactoryMethod(ConstructorResolver.java:548) ~[spring-beans-6.0.5.jar:6.0.5]
	at org.springframework.beans.factory.support.AbstractAutowireCapableBeanFactory.instantiateUsingFactoryMethod(AbstractAutowireCapableBeanFactory.java:1325) ~[spring-beans-6.0.5.jar:6.0.5]
	at org.springframework.beans.factory.support.AbstractAutowireCapableBeanFactory.createBeanInstance(AbstractAutowireCapableBeanFactory.java:1162) ~[spring-beans-6.0.5.jar:6.0.5]
	at org.springframework.beans.factory.support.AbstractAutowireCapableBeanFactory.doCreateBean(AbstractAutowireCapableBeanFactory.java:562) ~[spring-beans-6.0.5.jar:6.0.5]
	at org.springframework.beans.factory.support.AbstractAutowireCapableBeanFactory.createBean(AbstractAutowireCapableBeanFactory.java:522) ~[spring-beans-6.0.5.jar:6.0.5]
	at org.springframework.beans.factory.support.AbstractBeanFactory.lambda$doGetBean$0(AbstractBeanFactory.java:326) ~[spring-beans-6.0.5.jar:6.0.5]
	at org.springframework.beans.factory.support.DefaultSingletonBeanRegistry.getSingleton(DefaultSingletonBeanRegistry.java:234) ~[spring-beans-6.0.5.jar:6.0.5]
	at org.springframework.beans.factory.support.AbstractBeanFactory.doGetBean(AbstractBeanFactory.java:324) ~[spring-beans-6.0.5.jar:6.0.5]
	at org.springframework.beans.factory.support.AbstractBeanFactory.getBean(AbstractBeanFactory.java:200) ~[spring-beans-6.0.5.jar:6.0.5]
	at org.springframework.beans.factory.support.DefaultListableBeanFactory.getBeansOfType(DefaultListableBeanFactory.java:662) ~[spring-beans-6.0.5.jar:6.0.5]
	at org.springframework.beans.factory.support.DefaultListableBeanFactory.getBeansOfType(DefaultListableBeanFactory.java:650) ~[spring-beans-6.0.5.jar:6.0.5]
	at org.springframework.boot.convert.ApplicationConversionService.addBeans(ApplicationConversionService.java:276) ~[spring-boot-3.0.3.jar:3.0.3]
	at org.springframework.boot.autoconfigure.web.servlet.WebMvcAutoConfiguration$WebMvcAutoConfigurationAdapter.addFormatters(WebMvcAutoConfiguration.java:319) ~[spring-boot-autoconfigure-3.0.3.jar:3.0.3]
	at org.springframework.web.servlet.config.annotation.WebMvcConfigurerComposite.addFormatters(WebMvcConfigurerComposite.java:81) ~[spring-webmvc-6.0.5.jar:6.0.5]
	at org.springframework.web.servlet.config.annotation.DelegatingWebMvcConfiguration.addFormatters(DelegatingWebMvcConfiguration.java:78) ~[spring-webmvc-6.0.5.jar:6.0.5]
	at org.springframework.boot.autoconfigure.web.servlet.WebMvcAutoConfiguration$EnableWebMvcConfiguration.mvcConversionService(WebMvcAutoConfiguration.java:511) ~[spring-boot-autoconfigure-3.0.3.jar:3.0.3]
	at java.base/jdk.internal.reflect.NativeMethodAccessorImpl.invoke0(Native Method) ~[na:na]
	at java.base/jdk.internal.reflect.NativeMethodAccessorImpl.invoke(NativeMethodAccessorImpl.java:77) ~[na:na]
	at java.base/jdk.internal.reflect.DelegatingMethodAccessorImpl.invoke(DelegatingMethodAccessorImpl.java:43) ~[na:na]
	at java.base/java.lang.reflect.Method.invoke(Method.java:568) ~[na:na]
	at org.springframework.beans.factory.support.SimpleInstantiationStrategy.instantiate(SimpleInstantiationStrategy.java:139) ~[spring-beans-6.0.5.jar:6.0.5]
	... 106 common frames omitted
Caused by: org.springframework.beans.factory.UnsatisfiedDependencyException: Error creating bean with name 'associationLinks' defined in class path resource [org/springframework/data/rest/webmvc/config/RepositoryRestMvcConfiguration.class]: Unsatisfied dependency expressed through method 'associationLinks' parameter 0: Error creating bean with name 'resourceMappings' defined in class path resource [org/springframework/data/rest/webmvc/config/RepositoryRestMvcConfiguration.class]: Unsatisfied dependency expressed through method 'resourceMappings' parameter 0: Error creating bean with name 'repositories' defined in class path resource [org/springframework/data/rest/webmvc/config/RepositoryRestMvcConfiguration.class]: Failed to instantiate [org.springframework.data.repository.support.Repositories]: Factory method 'repositories' threw exception with message: Error creating bean with name 'childRepo' defined in com.example.demo.Repositories.ChildRepo defined in @EnableJpaRepositories declared on JpaRepositoriesRegistrar.EnableJpaRepositoriesConfiguration: Not a managed type: class com.example.demo.Models.Child
	at org.springframework.beans.factory.support.ConstructorResolver.createArgumentArray(ConstructorResolver.java:798) ~[spring-beans-6.0.5.jar:6.0.5]
	at org.springframework.beans.factory.support.ConstructorResolver.instantiateUsingFactoryMethod(ConstructorResolver.java:548) ~[spring-beans-6.0.5.jar:6.0.5]
	at org.springframework.beans.factory.support.AbstractAutowireCapableBeanFactory.instantiateUsingFactoryMethod(AbstractAutowireCapableBeanFactory.java:1325) ~[spring-beans-6.0.5.jar:6.0.5]
	at org.springframework.beans.factory.support.AbstractAutowireCapableBeanFactory.createBeanInstance(AbstractAutowireCapableBeanFactory.java:1162) ~[spring-beans-6.0.5.jar:6.0.5]
	at org.springframework.beans.factory.support.AbstractAutowireCapableBeanFactory.doCreateBean(AbstractAutowireCapableBeanFactory.java:562) ~[spring-beans-6.0.5.jar:6.0.5]
	at org.springframework.beans.factory.support.AbstractAutowireCapableBeanFactory.createBean(AbstractAutowireCapableBeanFactory.java:522) ~[spring-beans-6.0.5.jar:6.0.5]
	at org.springframework.beans.factory.support.AbstractBeanFactory.lambda$doGetBean$0(AbstractBeanFactory.java:326) ~[spring-beans-6.0.5.jar:6.0.5]
	at org.springframework.beans.factory.support.DefaultSingletonBeanRegistry.getSingleton(DefaultSingletonBeanRegistry.java:234) ~[spring-beans-6.0.5.jar:6.0.5]
	at org.springframework.beans.factory.support.AbstractBeanFactory.doGetBean(AbstractBeanFactory.java:324) ~[spring-beans-6.0.5.jar:6.0.5]
	at org.springframework.beans.factory.support.AbstractBeanFactory.getBean(AbstractBeanFactory.java:200) ~[spring-beans-6.0.5.jar:6.0.5]
	at org.springframework.beans.factory.config.DependencyDescriptor.resolveCandidate(DependencyDescriptor.java:254) ~[spring-beans-6.0.5.jar:6.0.5]
	at org.springframework.beans.factory.support.DefaultListableBeanFactory.doResolveDependency(DefaultListableBeanFactory.java:1405) ~[spring-beans-6.0.5.jar:6.0.5]
	at org.springframework.beans.factory.support.DefaultListableBeanFactory.resolveDependency(DefaultListableBeanFactory.java:1325) ~[spring-beans-6.0.5.jar:6.0.5]
	at org.springframework.beans.factory.support.ConstructorResolver.resolveAutowiredArgument(ConstructorResolver.java:885) ~[spring-beans-6.0.5.jar:6.0.5]
	at org.springframework.beans.factory.support.ConstructorResolver.createArgumentArray(ConstructorResolver.java:789) ~[spring-beans-6.0.5.jar:6.0.5]
	... 127 common frames omitted
Caused by: org.springframework.beans.factory.UnsatisfiedDependencyException: Error creating bean with name 'resourceMappings' defined in class path resource [org/springframework/data/rest/webmvc/config/RepositoryRestMvcConfiguration.class]: Unsatisfied dependency expressed through method 'resourceMappings' parameter 0: Error creating bean with name 'repositories' defined in class path resource [org/springframework/data/rest/webmvc/config/RepositoryRestMvcConfiguration.class]: Failed to instantiate [org.springframework.data.repository.support.Repositories]: Factory method 'repositories' threw exception with message: Error creating bean with name 'childRepo' defined in com.example.demo.Repositories.ChildRepo defined in @EnableJpaRepositories declared on JpaRepositoriesRegistrar.EnableJpaRepositoriesConfiguration: Not a managed type: class com.example.demo.Models.Child
	at org.springframework.beans.factory.support.ConstructorResolver.createArgumentArray(ConstructorResolver.java:798) ~[spring-beans-6.0.5.jar:6.0.5]
	at org.springframework.beans.factory.support.ConstructorResolver.instantiateUsingFactoryMethod(ConstructorResolver.java:548) ~[spring-beans-6.0.5.jar:6.0.5]
	at org.springframework.beans.factory.support.AbstractAutowireCapableBeanFactory.instantiateUsingFactoryMethod(AbstractAutowireCapableBeanFactory.java:1325) ~[spring-beans-6.0.5.jar:6.0.5]
	at org.springframework.beans.factory.support.AbstractAutowireCapableBeanFactory.createBeanInstance(AbstractAutowireCapableBeanFactory.java:1162) ~[spring-beans-6.0.5.jar:6.0.5]
	at org.springframework.beans.factory.support.AbstractAutowireCapableBeanFactory.doCreateBean(AbstractAutowireCapableBeanFactory.java:562) ~[spring-beans-6.0.5.jar:6.0.5]
	at org.springframework.beans.factory.support.AbstractAutowireCapableBeanFactory.createBean(AbstractAutowireCapableBeanFactory.java:522) ~[spring-beans-6.0.5.jar:6.0.5]
	at org.springframework.beans.factory.support.AbstractBeanFactory.lambda$doGetBean$0(AbstractBeanFactory.java:326) ~[spring-beans-6.0.5.jar:6.0.5]
	at org.springframework.beans.factory.support.DefaultSingletonBeanRegistry.getSingleton(DefaultSingletonBeanRegistry.java:234) ~[spring-beans-6.0.5.jar:6.0.5]
	at org.springframework.beans.factory.support.AbstractBeanFactory.doGetBean(AbstractBeanFactory.java:324) ~[spring-beans-6.0.5.jar:6.0.5]
	at org.springframework.beans.factory.support.AbstractBeanFactory.getBean(AbstractBeanFactory.java:200) ~[spring-beans-6.0.5.jar:6.0.5]
	at org.springframework.beans.factory.config.DependencyDescriptor.resolveCandidate(DependencyDescriptor.java:254) ~[spring-beans-6.0.5.jar:6.0.5]
	at org.springframework.beans.factory.support.DefaultListableBeanFactory.doResolveDependency(DefaultListableBeanFactory.java:1405) ~[spring-beans-6.0.5.jar:6.0.5]
	at org.springframework.beans.factory.support.DefaultListableBeanFactory.resolveDependency(DefaultListableBeanFactory.java:1325) ~[spring-beans-6.0.5.jar:6.0.5]
	at org.springframework.beans.factory.support.ConstructorResolver.resolveAutowiredArgument(ConstructorResolver.java:885) ~[spring-beans-6.0.5.jar:6.0.5]
	at org.springframework.beans.factory.support.ConstructorResolver.createArgumentArray(ConstructorResolver.java:789) ~[spring-beans-6.0.5.jar:6.0.5]
	... 141 common frames omitted
Caused by: org.springframework.beans.factory.BeanCreationException: Error creating bean with name 'repositories' defined in class path resource [org/springframework/data/rest/webmvc/config/RepositoryRestMvcConfiguration.class]: Failed to instantiate [org.springframework.data.repository.support.Repositories]: Factory method 'repositories' threw exception with message: Error creating bean with name 'childRepo' defined in com.example.demo.Repositories.ChildRepo defined in @EnableJpaRepositories declared on JpaRepositoriesRegistrar.EnableJpaRepositoriesConfiguration: Not a managed type: class com.example.demo.Models.Child
	at org.springframework.beans.factory.support.ConstructorResolver.instantiate(ConstructorResolver.java:657) ~[spring-beans-6.0.5.jar:6.0.5]
	at org.springframework.beans.factory.support.ConstructorResolver.instantiateUsingFactoryMethod(ConstructorResolver.java:491) ~[spring-beans-6.0.5.jar:6.0.5]
	at org.springframework.beans.factory.support.AbstractAutowireCapableBeanFactory.instantiateUsingFactoryMethod(AbstractAutowireCapableBeanFactory.java:1325) ~[spring-beans-6.0.5.jar:6.0.5]
	at org.springframework.beans.factory.support.AbstractAutowireCapableBeanFactory.createBeanInstance(AbstractAutowireCapableBeanFactory.java:1162) ~[spring-beans-6.0.5.jar:6.0.5]
	at org.springframework.beans.factory.support.AbstractAutowireCapableBeanFactory.doCreateBean(AbstractAutowireCapableBeanFactory.java:562) ~[spring-beans-6.0.5.jar:6.0.5]
	at org.springframework.beans.factory.support.AbstractAutowireCapableBeanFactory.createBean(AbstractAutowireCapableBeanFactory.java:522) ~[spring-beans-6.0.5.jar:6.0.5]
	at org.springframework.beans.factory.support.AbstractBeanFactory.lambda$doGetBean$0(AbstractBeanFactory.java:326) ~[spring-beans-6.0.5.jar:6.0.5]
	at org.springframework.beans.factory.support.DefaultSingletonBeanRegistry.getSingleton(DefaultSingletonBeanRegistry.java:234) ~[spring-beans-6.0.5.jar:6.0.5]
	at org.springframework.beans.factory.support.AbstractBeanFactory.doGetBean(AbstractBeanFactory.java:324) ~[spring-beans-6.0.5.jar:6.0.5]
	at org.springframework.beans.factory.support.AbstractBeanFactory.getBean(AbstractBeanFactory.java:200) ~[spring-beans-6.0.5.jar:6.0.5]
	at org.springframework.beans.factory.config.DependencyDescriptor.resolveCandidate(DependencyDescriptor.java:254) ~[spring-beans-6.0.5.jar:6.0.5]
	at org.springframework.beans.factory.support.DefaultListableBeanFactory.doResolveDependency(DefaultListableBeanFactory.java:1405) ~[spring-beans-6.0.5.jar:6.0.5]
	at org.springframework.beans.factory.support.DefaultListableBeanFactory.resolveDependency(DefaultListableBeanFactory.java:1325) ~[spring-beans-6.0.5.jar:6.0.5]
	at org.springframework.beans.factory.support.ConstructorResolver.resolveAutowiredArgument(ConstructorResolver.java:885) ~[spring-beans-6.0.5.jar:6.0.5]
	at org.springframework.beans.factory.support.ConstructorResolver.createArgumentArray(ConstructorResolver.java:789) ~[spring-beans-6.0.5.jar:6.0.5]
	... 155 common frames omitted
Caused by: org.springframework.beans.BeanInstantiationException: Failed to instantiate [org.springframework.data.repository.support.Repositories]: Factory method 'repositories' threw exception with message: Error creating bean with name 'childRepo' defined in com.example.demo.Repositories.ChildRepo defined in @EnableJpaRepositories declared on JpaRepositoriesRegistrar.EnableJpaRepositoriesConfiguration: Not a managed type: class com.example.demo.Models.Child
	at org.springframework.beans.factory.support.SimpleInstantiationStrategy.instantiate(SimpleInstantiationStrategy.java:171) ~[spring-beans-6.0.5.jar:6.0.5]
	at org.springframework.beans.factory.support.ConstructorResolver.instantiate(ConstructorResolver.java:653) ~[spring-beans-6.0.5.jar:6.0.5]
	... 169 common frames omitted
Caused by: org.springframework.beans.factory.BeanCreationException: Error creating bean with name 'childRepo' defined in com.example.demo.Repositories.ChildRepo defined in @EnableJpaRepositories declared on JpaRepositoriesRegistrar.EnableJpaRepositoriesConfiguration: Not a managed type: class com.example.demo.Models.Child
	at org.springframework.beans.factory.support.AbstractAutowireCapableBeanFactory.initializeBean(AbstractAutowireCapableBeanFactory.java:1752) ~[spring-beans-6.0.5.jar:6.0.5]
	at org.springframework.beans.factory.support.AbstractAutowireCapableBeanFactory.doCreateBean(AbstractAutowireCapableBeanFactory.java:600) ~[spring-beans-6.0.5.jar:6.0.5]
	at org.springframework.beans.factory.support.AbstractAutowireCapableBeanFactory.createBean(AbstractAutowireCapableBeanFactory.java:522) ~[spring-beans-6.0.5.jar:6.0.5]
	at org.springframework.beans.factory.support.AbstractBeanFactory.lambda$doGetBean$0(AbstractBeanFactory.java:326) ~[spring-beans-6.0.5.jar:6.0.5]
	at org.springframework.beans.factory.support.DefaultSingletonBeanRegistry.getSingleton(DefaultSingletonBeanRegistry.java:234) ~[spring-beans-6.0.5.jar:6.0.5]
	at org.springframework.beans.factory.support.AbstractBeanFactory.doGetBean(AbstractBeanFactory.java:324) ~[spring-beans-6.0.5.jar:6.0.5]
	at org.springframework.beans.factory.support.AbstractBeanFactory.getBean(AbstractBeanFactory.java:205) ~[spring-beans-6.0.5.jar:6.0.5]
	at org.springframework.context.support.AbstractApplicationContext.getBean(AbstractApplicationContext.java:1138) ~[spring-context-6.0.5.jar:6.0.5]
	at org.springframework.data.repository.support.Repositories.cacheRepositoryFactory(Repositories.java:105) ~[spring-data-commons-3.0.2.jar:3.0.2]
	at org.springframework.data.repository.support.Repositories.populateRepositoryFactoryInformation(Repositories.java:98) ~[spring-data-commons-3.0.2.jar:3.0.2]
	at org.springframework.data.repository.support.Repositories.<init>(Repositories.java:91) ~[spring-data-commons-3.0.2.jar:3.0.2]
	at org.springframework.data.rest.webmvc.config.RepositoryRestMvcConfiguration.repositories(RepositoryRestMvcConfiguration.java:299) ~[spring-data-rest-webmvc-4.0.2.jar:4.0.2]
	at java.base/jdk.internal.reflect.NativeMethodAccessorImpl.invoke0(Native Method) ~[na:na]
	at java.base/jdk.internal.reflect.NativeMethodAccessorImpl.invoke(NativeMethodAccessorImpl.java:77) ~[na:na]
	at java.base/jdk.internal.reflect.DelegatingMethodAccessorImpl.invoke(DelegatingMethodAccessorImpl.java:43) ~[na:na]
	at java.base/java.lang.reflect.Method.invoke(Method.java:568) ~[na:na]
	at org.springframework.beans.factory.support.SimpleInstantiationStrategy.instantiate(SimpleInstantiationStrategy.java:139) ~[spring-beans-6.0.5.jar:6.0.5]
	... 170 common frames omitted
Caused by: java.lang.IllegalArgumentException: Not a managed type: class com.example.demo.Models.Child
	at org.hibernate.metamodel.model.domain.internal.JpaMetamodelImpl.managedType(JpaMetamodelImpl.java:181) ~[hibernate-core-6.1.7.Final.jar:6.1.7.Final]
	at org.hibernate.metamodel.model.domain.internal.MappingMetamodelImpl.managedType(MappingMetamodelImpl.java:496) ~[hibernate-core-6.1.7.Final.jar:6.1.7.Final]
	at org.hibernate.metamodel.model.domain.internal.MappingMetamodelImpl.managedType(MappingMetamodelImpl.java:99) ~[hibernate-core-6.1.7.Final.jar:6.1.7.Final]
	at org.springframework.data.jpa.repository.support.JpaMetamodelEntityInformation.<init>(JpaMetamodelEntityInformation.java:77) ~[spring-data-jpa-3.0.2.jar:3.0.2]
	at org.springframework.data.jpa.repository.support.JpaEntityInformationSupport.getEntityInformation(JpaEntityInformationSupport.java:69) ~[spring-data-jpa-3.0.2.jar:3.0.2]
	at org.springframework.data.jpa.repository.support.JpaRepositoryFactory.getEntityInformation(JpaRepositoryFactory.java:246) ~[spring-data-jpa-3.0.2.jar:3.0.2]
	at org.springframework.data.jpa.repository.support.JpaRepositoryFactory.getTargetRepository(JpaRepositoryFactory.java:211) ~[spring-data-jpa-3.0.2.jar:3.0.2]
	at org.springframework.data.jpa.repository.support.JpaRepositoryFactory.getTargetRepository(JpaRepositoryFactory.java:194) ~[spring-data-jpa-3.0.2.jar:3.0.2]
	at org.springframework.data.jpa.repository.support.JpaRepositoryFactory.getTargetRepository(JpaRepositoryFactory.java:81) ~[spring-data-jpa-3.0.2.jar:3.0.2]
	at org.springframework.data.repository.core.support.RepositoryFactorySupport.getRepository(RepositoryFactorySupport.java:317) ~[spring-data-commons-3.0.2.jar:3.0.2]
	at org.springframework.data.repository.core.support.RepositoryFactoryBeanSupport.lambda$afterPropertiesSet$5(RepositoryFactoryBeanSupport.java:279) ~[spring-data-commons-3.0.2.jar:3.0.2]
	at org.springframework.data.util.Lazy.getNullable(Lazy.java:245) ~[spring-data-commons-3.0.2.jar:3.0.2]
	at org.springframework.data.util.Lazy.get(Lazy.java:114) ~[spring-data-commons-3.0.2.jar:3.0.2]
	at org.springframework.data.repository.core.support.RepositoryFactoryBeanSupport.afterPropertiesSet(RepositoryFactoryBeanSupport.java:285) ~[spring-data-commons-3.0.2.jar:3.0.2]
	at org.springframework.data.jpa.repository.support.JpaRepositoryFactoryBean.afterPropertiesSet(JpaRepositoryFactoryBean.java:132) ~[spring-data-jpa-3.0.2.jar:3.0.2]
	at org.springframework.beans.factory.support.AbstractAutowireCapableBeanFactory.invokeInitMethods(AbstractAutowireCapableBeanFactory.java:1798) ~[spring-beans-6.0.5.jar:6.0.5]
	at org.springframework.beans.factory.support.AbstractAutowireCapableBeanFactory.initializeBean(AbstractAutowireCapableBeanFactory.java:1748) ~[spring-beans-6.0.5.jar:6.0.5]
	... 186 common frames omitted

2023-02-27T12:18:22.445+05:30 ERROR 12068 --- [           main] o.s.test.context.TestContextManager      : Caught exception while allowing TestExecutionListener [org.springframework.test.context.web.ServletTestExecutionListener] to prepare test instance [com.example.demo.Miniproj1ApplicationTests@a2fb8a5]

java.lang.IllegalStateException: Failed to load ApplicationContext for [WebMergedContextConfiguration@363fe35a testClass = com.example.demo.Miniproj1ApplicationTests, locations = [], classes = [com.example.demo.Miniproj1Application], contextInitializerClasses = [], activeProfiles = [], propertySourceLocations = [], propertySourceProperties = ["org.springframework.boot.test.context.SpringBootTestContextBootstrapper=true"], contextCustomizers = [org.springframework.boot.test.context.filter.ExcludeFilterContextCustomizer@345f69f3, org.springframework.boot.test.json.DuplicateJsonObjectContextCustomizerFactory$DuplicateJsonObjectContextCustomizer@71e9ebae, org.springframework.boot.test.mock.mockito.MockitoContextCustomizer@0, org.springframework.boot.test.web.client.TestRestTemplateContextCustomizer@7d446ed1, org.springframework.boot.test.web.reactive.server.WebTestClientContextCustomizer@3bd323e9, org.springframework.boot.test.autoconfigure.actuate.observability.ObservabilityContextCustomizerFactory$DisableObservabilityContextCustomizer@9da1, org.springframework.boot.test.autoconfigure.properties.PropertyMappingContextCustomizer@0, org.springframework.boot.test.autoconfigure.web.servlet.WebDriverContextCustomizerFactory$Customizer@5c44c582, org.springframework.boot.test.context.SpringBootTestAnnotation@88181997], resourceBasePath = "src/main/webapp", contextLoader = org.springframework.boot.test.context.SpringBootContextLoader, parent = null]
	at org.springframework.test.context.cache.DefaultCacheAwareContextLoaderDelegate.loadContext(DefaultCacheAwareContextLoaderDelegate.java:142) ~[spring-test-6.0.5.jar:6.0.5]
	at org.springframework.test.context.support.DefaultTestContext.getApplicationContext(DefaultTestContext.java:127) ~[spring-test-6.0.5.jar:6.0.5]
	at org.springframework.test.context.web.ServletTestExecutionListener.setUpRequestContextIfNecessary(ServletTestExecutionListener.java:191) ~[spring-test-6.0.5.jar:6.0.5]
	at org.springframework.test.context.web.ServletTestExecutionListener.prepareTestInstance(ServletTestExecutionListener.java:130) ~[spring-test-6.0.5.jar:6.0.5]
	at org.springframework.test.context.TestContextManager.prepareTestInstance(TestContextManager.java:241) ~[spring-test-6.0.5.jar:6.0.5]
	at org.springframework.test.context.junit.jupiter.SpringExtension.postProcessTestInstance(SpringExtension.java:138) ~[spring-test-6.0.5.jar:6.0.5]
	at org.junit.jupiter.engine.descriptor.ClassBasedTestDescriptor.lambda$invokeTestInstancePostProcessors$10(ClassBasedTestDescriptor.java:377) ~[junit-jupiter-engine-5.9.2.jar:5.9.2]
	at org.junit.jupiter.engine.descriptor.ClassBasedTestDescriptor.executeAndMaskThrowable(ClassBasedTestDescriptor.java:382) ~[junit-jupiter-engine-5.9.2.jar:5.9.2]
	at org.junit.jupiter.engine.descriptor.ClassBasedTestDescriptor.lambda$invokeTestInstancePostProcessors$11(ClassBasedTestDescriptor.java:377) ~[junit-jupiter-engine-5.9.2.jar:5.9.2]
	at java.base/java.util.stream.ReferencePipeline$3$1.accept(ReferencePipeline.java:197) ~[na:na]
	at java.base/java.util.stream.ReferencePipeline$2$1.accept(ReferencePipeline.java:179) ~[na:na]
	at java.base/java.util.ArrayList$ArrayListSpliterator.forEachRemaining(ArrayList.java:1625) ~[na:na]
	at java.base/java.util.stream.AbstractPipeline.copyInto(AbstractPipeline.java:509) ~[na:na]
	at java.base/java.util.stream.AbstractPipeline.wrapAndCopyInto(AbstractPipeline.java:499) ~[na:na]
	at java.base/java.util.stream.StreamSpliterators$WrappingSpliterator.forEachRemaining(StreamSpliterators.java:310) ~[na:na]
	at java.base/java.util.stream.Streams$ConcatSpliterator.forEachRemaining(Streams.java:735) ~[na:na]
	at java.base/java.util.stream.Streams$ConcatSpliterator.forEachRemaining(Streams.java:734) ~[na:na]
	at java.base/java.util.stream.ReferencePipeline$Head.forEach(ReferencePipeline.java:762) ~[na:na]
	at org.junit.jupiter.engine.descriptor.ClassBasedTestDescriptor.invokeTestInstancePostProcessors(ClassBasedTestDescriptor.java:376) ~[junit-jupiter-engine-5.9.2.jar:5.9.2]
	at org.junit.jupiter.engine.descriptor.ClassBasedTestDescriptor.lambda$instantiateAndPostProcessTestInstance$6(ClassBasedTestDescriptor.java:289) ~[junit-jupiter-engine-5.9.2.jar:5.9.2]
	at org.junit.platform.engine.support.hierarchical.ThrowableCollector.execute(ThrowableCollector.java:73) ~[junit-platform-engine-1.9.2.jar:1.9.2]
	at org.junit.jupiter.engine.descriptor.ClassBasedTestDescriptor.instantiateAndPostProcessTestInstance(ClassBasedTestDescriptor.java:288) ~[junit-jupiter-engine-5.9.2.jar:5.9.2]
	at org.junit.jupiter.engine.descriptor.ClassBasedTestDescriptor.lambda$testInstancesProvider$4(ClassBasedTestDescriptor.java:278) ~[junit-jupiter-engine-5.9.2.jar:5.9.2]
	at java.base/java.util.Optional.orElseGet(Optional.java:364) ~[na:na]
	at org.junit.jupiter.engine.descriptor.ClassBasedTestDescriptor.lambda$testInstancesProvider$5(ClassBasedTestDescriptor.java:277) ~[junit-jupiter-engine-5.9.2.jar:5.9.2]
	at org.junit.jupiter.engine.execution.TestInstancesProvider.getTestInstances(TestInstancesProvider.java:31) ~[junit-jupiter-engine-5.9.2.jar:5.9.2]
	at org.junit.jupiter.engine.descriptor.TestMethodTestDescriptor.lambda$prepare$0(TestMethodTestDescriptor.java:105) ~[junit-jupiter-engine-5.9.2.jar:5.9.2]
	at org.junit.platform.engine.support.hierarchical.ThrowableCollector.execute(ThrowableCollector.java:73) ~[junit-platform-engine-1.9.2.jar:1.9.2]
	at org.junit.jupiter.engine.descriptor.TestMethodTestDescriptor.prepare(TestMethodTestDescriptor.java:104) ~[junit-jupiter-engine-5.9.2.jar:5.9.2]
	at org.junit.jupiter.engine.descriptor.TestMethodTestDescriptor.prepare(TestMethodTestDescriptor.java:68) ~[junit-jupiter-engine-5.9.2.jar:5.9.2]
	at org.junit.platform.engine.support.hierarchical.NodeTestTask.lambda$prepare$2(NodeTestTask.java:123) ~[junit-platform-engine-1.9.2.jar:1.9.2]
	at org.junit.platform.engine.support.hierarchical.ThrowableCollector.execute(ThrowableCollector.java:73) ~[junit-platform-engine-1.9.2.jar:1.9.2]
	at org.junit.platform.engine.support.hierarchical.NodeTestTask.prepare(NodeTestTask.java:123) ~[junit-platform-engine-1.9.2.jar:1.9.2]
	at org.junit.platform.engine.support.hierarchical.NodeTestTask.execute(NodeTestTask.java:90) ~[junit-platform-engine-1.9.2.jar:1.9.2]
	at java.base/java.util.ArrayList.forEach(ArrayList.java:1511) ~[na:na]
	at org.junit.platform.engine.support.hierarchical.SameThreadHierarchicalTestExecutorService.invokeAll(SameThreadHierarchicalTestExecutorService.java:41) ~[junit-platform-engine-1.9.2.jar:1.9.2]
	at org.junit.platform.engine.support.hierarchical.NodeTestTask.lambda$executeRecursively$6(NodeTestTask.java:155) ~[junit-platform-engine-1.9.2.jar:1.9.2]
	at org.junit.platform.engine.support.hierarchical.ThrowableCollector.execute(ThrowableCollector.java:73) ~[junit-platform-engine-1.9.2.jar:1.9.2]
	at org.junit.platform.engine.support.hierarchical.NodeTestTask.lambda$executeRecursively$8(NodeTestTask.java:141) ~[junit-platform-engine-1.9.2.jar:1.9.2]
	at org.junit.platform.engine.support.hierarchical.Node.around(Node.java:137) ~[junit-platform-engine-1.9.2.jar:1.9.2]
	at org.junit.platform.engine.support.hierarchical.NodeTestTask.lambda$executeRecursively$9(NodeTestTask.java:139) ~[junit-platform-engine-1.9.2.jar:1.9.2]
	at org.junit.platform.engine.support.hierarchical.ThrowableCollector.execute(ThrowableCollector.java:73) ~[junit-platform-engine-1.9.2.jar:1.9.2]
	at org.junit.platform.engine.support.hierarchical.NodeTestTask.executeRecursively(NodeTestTask.java:138) ~[junit-platform-engine-1.9.2.jar:1.9.2]
	at org.junit.platform.engine.support.hierarchical.NodeTestTask.execute(NodeTestTask.java:95) ~[junit-platform-engine-1.9.2.jar:1.9.2]
	at java.base/java.util.ArrayList.forEach(ArrayList.java:1511) ~[na:na]
	at org.junit.platform.engine.support.hierarchical.SameThreadHierarchicalTestExecutorService.invokeAll(SameThreadHierarchicalTestExecutorService.java:41) ~[junit-platform-engine-1.9.2.jar:1.9.2]
	at org.junit.platform.engine.support.hierarchical.NodeTestTask.lambda$executeRecursively$6(NodeTestTask.java:155) ~[junit-platform-engine-1.9.2.jar:1.9.2]
	at org.junit.platform.engine.support.hierarchical.ThrowableCollector.execute(ThrowableCollector.java:73) ~[junit-platform-engine-1.9.2.jar:1.9.2]
	at org.junit.platform.engine.support.hierarchical.NodeTestTask.lambda$executeRecursively$8(NodeTestTask.java:141) ~[junit-platform-engine-1.9.2.jar:1.9.2]
	at org.junit.platform.engine.support.hierarchical.Node.around(Node.java:137) ~[junit-platform-engine-1.9.2.jar:1.9.2]
	at org.junit.platform.engine.support.hierarchical.NodeTestTask.lambda$executeRecursively$9(NodeTestTask.java:139) ~[junit-platform-engine-1.9.2.jar:1.9.2]
	at org.junit.platform.engine.support.hierarchical.ThrowableCollector.execute(ThrowableCollector.java:73) ~[junit-platform-engine-1.9.2.jar:1.9.2]
	at org.junit.platform.engine.support.hierarchical.NodeTestTask.executeRecursively(NodeTestTask.java:138) ~[junit-platform-engine-1.9.2.jar:1.9.2]
	at org.junit.platform.engine.support.hierarchical.NodeTestTask.execute(NodeTestTask.java:95) ~[junit-platform-engine-1.9.2.jar:1.9.2]
	at org.junit.platform.engine.support.hierarchical.SameThreadHierarchicalTestExecutorService.submit(SameThreadHierarchicalTestExecutorService.java:35) ~[junit-platform-engine-1.9.2.jar:1.9.2]
	at org.junit.platform.engine.support.hierarchical.HierarchicalTestExecutor.execute(HierarchicalTestExecutor.java:57) ~[junit-platform-engine-1.9.2.jar:1.9.2]
	at org.junit.platform.engine.support.hierarchical.HierarchicalTestEngine.execute(HierarchicalTestEngine.java:54) ~[junit-platform-engine-1.9.2.jar:1.9.2]
	at org.junit.platform.launcher.core.DefaultLauncher.execute(DefaultLauncher.java:220) ~[junit-platform-launcher-1.3.1.jar:1.3.1]
	at org.junit.platform.launcher.core.DefaultLauncher.lambda$execute$6(DefaultLauncher.java:188) ~[junit-platform-launcher-1.3.1.jar:1.3.1]
	at org.junit.platform.launcher.core.DefaultLauncher.withInterceptedStreams(DefaultLauncher.java:202) ~[junit-platform-launcher-1.3.1.jar:1.3.1]
	at org.junit.platform.launcher.core.DefaultLauncher.execute(DefaultLauncher.java:181) ~[junit-platform-launcher-1.3.1.jar:1.3.1]
	at org.junit.platform.launcher.core.DefaultLauncher.execute(DefaultLauncher.java:128) ~[junit-platform-launcher-1.3.1.jar:1.3.1]
	at org.apache.maven.surefire.junitplatform.JUnitPlatformProvider.invokeAllTests(JUnitPlatformProvider.java:150) ~[surefire-junit-platform-2.22.2.jar:2.22.2]
	at org.apache.maven.surefire.junitplatform.JUnitPlatformProvider.invoke(JUnitPlatformProvider.java:124) ~[surefire-junit-platform-2.22.2.jar:2.22.2]
	at org.apache.maven.surefire.booter.ForkedBooter.invokeProviderInSameClassLoader(ForkedBooter.java:384) ~[surefire-booter-2.22.2.jar:2.22.2]
	at org.apache.maven.surefire.booter.ForkedBooter.runSuitesInProcess(ForkedBooter.java:345) ~[surefire-booter-2.22.2.jar:2.22.2]
	at org.apache.maven.surefire.booter.ForkedBooter.execute(ForkedBooter.java:126) ~[surefire-booter-2.22.2.jar:2.22.2]
	at org.apache.maven.surefire.booter.ForkedBooter.main(ForkedBooter.java:418) ~[surefire-booter-2.22.2.jar:2.22.2]
Caused by: org.springframework.beans.factory.UnsatisfiedDependencyException: Error creating bean with name 'requestMappingHandlerAdapter' defined in class path resource [org/springframework/boot/autoconfigure/web/servlet/WebMvcAutoConfiguration$EnableWebMvcConfiguration.class]: Unsatisfied dependency expressed through method 'requestMappingHandlerAdapter' parameter 1: Error creating bean with name 'mvcConversionService' defined in class path resource [org/springframework/boot/autoconfigure/web/servlet/WebMvcAutoConfiguration$EnableWebMvcConfiguration.class]: Failed to instantiate [org.springframework.format.support.FormattingConversionService]: Factory method 'mvcConversionService' threw exception with message: Error creating bean with name 'jsonSchemaConverter' defined in class path resource [org/springframework/data/rest/webmvc/config/RepositoryRestMvcConfiguration.class]: Unsatisfied dependency expressed through method 'jsonSchemaConverter' parameter 1: Error creating bean with name 'associationLinks' defined in class path resource [org/springframework/data/rest/webmvc/config/RepositoryRestMvcConfiguration.class]: Unsatisfied dependency expressed through method 'associationLinks' parameter 0: Error creating bean with name 'resourceMappings' defined in class path resource [org/springframework/data/rest/webmvc/config/RepositoryRestMvcConfiguration.class]: Unsatisfied dependency expressed through method 'resourceMappings' parameter 0: Error creating bean with name 'repositories' defined in class path resource [org/springframework/data/rest/webmvc/config/RepositoryRestMvcConfiguration.class]: Failed to instantiate [org.springframework.data.repository.support.Repositories]: Factory method 'repositories' threw exception with message: Error creating bean with name 'childRepo' defined in com.example.demo.Repositories.ChildRepo defined in @EnableJpaRepositories declared on JpaRepositoriesRegistrar.EnableJpaRepositoriesConfiguration: Not a managed type: class com.example.demo.Models.Child
	at org.springframework.beans.factory.support.ConstructorResolver.createArgumentArray(ConstructorResolver.java:798) ~[spring-beans-6.0.5.jar:6.0.5]
	at org.springframework.beans.factory.support.ConstructorResolver.instantiateUsingFactoryMethod(ConstructorResolver.java:548) ~[spring-beans-6.0.5.jar:6.0.5]
	at org.springframework.beans.factory.support.AbstractAutowireCapableBeanFactory.instantiateUsingFactoryMethod(AbstractAutowireCapableBeanFactory.java:1325) ~[spring-beans-6.0.5.jar:6.0.5]
	at org.springframework.beans.factory.support.AbstractAutowireCapableBeanFactory.createBeanInstance(AbstractAutowireCapableBeanFactory.java:1162) ~[spring-beans-6.0.5.jar:6.0.5]
	at org.springframework.beans.factory.support.AbstractAutowireCapableBeanFactory.doCreateBean(AbstractAutowireCapableBeanFactory.java:562) ~[spring-beans-6.0.5.jar:6.0.5]
	at org.springframework.beans.factory.support.AbstractAutowireCapableBeanFactory.createBean(AbstractAutowireCapableBeanFactory.java:522) ~[spring-beans-6.0.5.jar:6.0.5]
	at org.springframework.beans.factory.support.AbstractBeanFactory.lambda$doGetBean$0(AbstractBeanFactory.java:326) ~[spring-beans-6.0.5.jar:6.0.5]
	at org.springframework.beans.factory.support.DefaultSingletonBeanRegistry.getSingleton(DefaultSingletonBeanRegistry.java:234) ~[spring-beans-6.0.5.jar:6.0.5]
	at org.springframework.beans.factory.support.AbstractBeanFactory.doGetBean(AbstractBeanFactory.java:324) ~[spring-beans-6.0.5.jar:6.0.5]
	at org.springframework.beans.factory.support.AbstractBeanFactory.getBean(AbstractBeanFactory.java:200) ~[spring-beans-6.0.5.jar:6.0.5]
	at org.springframework.beans.factory.support.DefaultListableBeanFactory.preInstantiateSingletons(DefaultListableBeanFactory.java:961) ~[spring-beans-6.0.5.jar:6.0.5]
	at org.springframework.context.support.AbstractApplicationContext.finishBeanFactoryInitialization(AbstractApplicationContext.java:917) ~[spring-context-6.0.5.jar:6.0.5]
	at org.springframework.context.support.AbstractApplicationContext.refresh(AbstractApplicationContext.java:584) ~[spring-context-6.0.5.jar:6.0.5]
	at org.springframework.boot.SpringApplication.refresh(SpringApplication.java:732) ~[spring-boot-3.0.3.jar:3.0.3]
	at org.springframework.boot.SpringApplication.refreshContext(SpringApplication.java:434) ~[spring-boot-3.0.3.jar:3.0.3]
	at org.springframework.boot.SpringApplication.run(SpringApplication.java:310) ~[spring-boot-3.0.3.jar:3.0.3]
	at org.springframework.boot.test.context.SpringBootContextLoader.lambda$loadContext$3(SpringBootContextLoader.java:137) ~[spring-boot-test-3.0.3.jar:3.0.3]
	at org.springframework.util.function.ThrowingSupplier.get(ThrowingSupplier.java:59) ~[spring-core-6.0.5.jar:6.0.5]
	at org.springframework.util.function.ThrowingSupplier.get(ThrowingSupplier.java:47) ~[spring-core-6.0.5.jar:6.0.5]
	at org.springframework.boot.SpringApplication.withHook(SpringApplication.java:1388) ~[spring-boot-3.0.3.jar:3.0.3]
	at org.springframework.boot.test.context.SpringBootContextLoader$ContextLoaderHook.run(SpringBootContextLoader.java:545) ~[spring-boot-test-3.0.3.jar:3.0.3]
	at org.springframework.boot.test.context.SpringBootContextLoader.loadContext(SpringBootContextLoader.java:137) ~[spring-boot-test-3.0.3.jar:3.0.3]
	at org.springframework.boot.test.context.SpringBootContextLoader.loadContext(SpringBootContextLoader.java:108) ~[spring-boot-test-3.0.3.jar:3.0.3]
	at org.springframework.test.context.cache.DefaultCacheAwareContextLoaderDelegate.loadContextInternal(DefaultCacheAwareContextLoaderDelegate.java:184) ~[spring-test-6.0.5.jar:6.0.5]
	at org.springframework.test.context.cache.DefaultCacheAwareContextLoaderDelegate.loadContext(DefaultCacheAwareContextLoaderDelegate.java:118) ~[spring-test-6.0.5.jar:6.0.5]
	... 67 common frames omitted
Caused by: org.springframework.beans.factory.BeanCreationException: Error creating bean with name 'mvcConversionService' defined in class path resource [org/springframework/boot/autoconfigure/web/servlet/WebMvcAutoConfiguration$EnableWebMvcConfiguration.class]: Failed to instantiate [org.springframework.format.support.FormattingConversionService]: Factory method 'mvcConversionService' threw exception with message: Error creating bean with name 'jsonSchemaConverter' defined in class path resource [org/springframework/data/rest/webmvc/config/RepositoryRestMvcConfiguration.class]: Unsatisfied dependency expressed through method 'jsonSchemaConverter' parameter 1: Error creating bean with name 'associationLinks' defined in class path resource [org/springframework/data/rest/webmvc/config/RepositoryRestMvcConfiguration.class]: Unsatisfied dependency expressed through method 'associationLinks' parameter 0: Error creating bean with name 'resourceMappings' defined in class path resource [org/springframework/data/rest/webmvc/config/RepositoryRestMvcConfiguration.class]: Unsatisfied dependency expressed through method 'resourceMappings' parameter 0: Error creating bean with name 'repositories' defined in class path resource [org/springframework/data/rest/webmvc/config/RepositoryRestMvcConfiguration.class]: Failed to instantiate [org.springframework.data.repository.support.Repositories]: Factory method 'repositories' threw exception with message: Error creating bean with name 'childRepo' defined in com.example.demo.Repositories.ChildRepo defined in @EnableJpaRepositories declared on JpaRepositoriesRegistrar.EnableJpaRepositoriesConfiguration: Not a managed type: class com.example.demo.Models.Child
	at org.springframework.beans.factory.support.ConstructorResolver.instantiate(ConstructorResolver.java:657) ~[spring-beans-6.0.5.jar:6.0.5]
	at org.springframework.beans.factory.support.ConstructorResolver.instantiateUsingFactoryMethod(ConstructorResolver.java:491) ~[spring-beans-6.0.5.jar:6.0.5]
	at org.springframework.beans.factory.support.AbstractAutowireCapableBeanFactory.instantiateUsingFactoryMethod(AbstractAutowireCapableBeanFactory.java:1325) ~[spring-beans-6.0.5.jar:6.0.5]
	at org.springframework.beans.factory.support.AbstractAutowireCapableBeanFactory.createBeanInstance(AbstractAutowireCapableBeanFactory.java:1162) ~[spring-beans-6.0.5.jar:6.0.5]
	at org.springframework.beans.factory.support.AbstractAutowireCapableBeanFactory.doCreateBean(AbstractAutowireCapableBeanFactory.java:562) ~[spring-beans-6.0.5.jar:6.0.5]
	at org.springframework.beans.factory.support.AbstractAutowireCapableBeanFactory.createBean(AbstractAutowireCapableBeanFactory.java:522) ~[spring-beans-6.0.5.jar:6.0.5]
	at org.springframework.beans.factory.support.AbstractBeanFactory.lambda$doGetBean$0(AbstractBeanFactory.java:326) ~[spring-beans-6.0.5.jar:6.0.5]
	at org.springframework.beans.factory.support.DefaultSingletonBeanRegistry.getSingleton(DefaultSingletonBeanRegistry.java:234) ~[spring-beans-6.0.5.jar:6.0.5]
	at org.springframework.beans.factory.support.AbstractBeanFactory.doGetBean(AbstractBeanFactory.java:324) ~[spring-beans-6.0.5.jar:6.0.5]
	at org.springframework.beans.factory.support.AbstractBeanFactory.getBean(AbstractBeanFactory.java:200) ~[spring-beans-6.0.5.jar:6.0.5]
	at org.springframework.beans.factory.config.DependencyDescriptor.resolveCandidate(DependencyDescriptor.java:254) ~[spring-beans-6.0.5.jar:6.0.5]
	at org.springframework.beans.factory.support.DefaultListableBeanFactory.doResolveDependency(DefaultListableBeanFactory.java:1405) ~[spring-beans-6.0.5.jar:6.0.5]
	at org.springframework.beans.factory.support.DefaultListableBeanFactory.resolveDependency(DefaultListableBeanFactory.java:1325) ~[spring-beans-6.0.5.jar:6.0.5]
	at org.springframework.beans.factory.support.ConstructorResolver.resolveAutowiredArgument(ConstructorResolver.java:885) ~[spring-beans-6.0.5.jar:6.0.5]
	at org.springframework.beans.factory.support.ConstructorResolver.createArgumentArray(ConstructorResolver.java:789) ~[spring-beans-6.0.5.jar:6.0.5]
	... 91 common frames omitted
Caused by: org.springframework.beans.BeanInstantiationException: Failed to instantiate [org.springframework.format.support.FormattingConversionService]: Factory method 'mvcConversionService' threw exception with message: Error creating bean with name 'jsonSchemaConverter' defined in class path resource [org/springframework/data/rest/webmvc/config/RepositoryRestMvcConfiguration.class]: Unsatisfied dependency expressed through method 'jsonSchemaConverter' parameter 1: Error creating bean with name 'associationLinks' defined in class path resource [org/springframework/data/rest/webmvc/config/RepositoryRestMvcConfiguration.class]: Unsatisfied dependency expressed through method 'associationLinks' parameter 0: Error creating bean with name 'resourceMappings' defined in class path resource [org/springframework/data/rest/webmvc/config/RepositoryRestMvcConfiguration.class]: Unsatisfied dependency expressed through method 'resourceMappings' parameter 0: Error creating bean with name 'repositories' defined in class path resource [org/springframework/data/rest/webmvc/config/RepositoryRestMvcConfiguration.class]: Failed to instantiate [org.springframework.data.repository.support.Repositories]: Factory method 'repositories' threw exception with message: Error creating bean with name 'childRepo' defined in com.example.demo.Repositories.ChildRepo defined in @EnableJpaRepositories declared on JpaRepositoriesRegistrar.EnableJpaRepositoriesConfiguration: Not a managed type: class com.example.demo.Models.Child
	at org.springframework.beans.factory.support.SimpleInstantiationStrategy.instantiate(SimpleInstantiationStrategy.java:171) ~[spring-beans-6.0.5.jar:6.0.5]
	at org.springframework.beans.factory.support.ConstructorResolver.instantiate(ConstructorResolver.java:653) ~[spring-beans-6.0.5.jar:6.0.5]
	... 105 common frames omitted
Caused by: org.springframework.beans.factory.UnsatisfiedDependencyException: Error creating bean with name 'jsonSchemaConverter' defined in class path resource [org/springframework/data/rest/webmvc/config/RepositoryRestMvcConfiguration.class]: Unsatisfied dependency expressed through method 'jsonSchemaConverter' parameter 1: Error creating bean with name 'associationLinks' defined in class path resource [org/springframework/data/rest/webmvc/config/RepositoryRestMvcConfiguration.class]: Unsatisfied dependency expressed through method 'associationLinks' parameter 0: Error creating bean with name 'resourceMappings' defined in class path resource [org/springframework/data/rest/webmvc/config/RepositoryRestMvcConfiguration.class]: Unsatisfied dependency expressed through method 'resourceMappings' parameter 0: Error creating bean with name 'repositories' defined in class path resource [org/springframework/data/rest/webmvc/config/RepositoryRestMvcConfiguration.class]: Failed to instantiate [org.springframework.data.repository.support.Repositories]: Factory method 'repositories' threw exception with message: Error creating bean with name 'childRepo' defined in com.example.demo.Repositories.ChildRepo defined in @EnableJpaRepositories declared on JpaRepositoriesRegistrar.EnableJpaRepositoriesConfiguration: Not a managed type: class com.example.demo.Models.Child
	at org.springframework.beans.factory.support.ConstructorResolver.createArgumentArray(ConstructorResolver.java:798) ~[spring-beans-6.0.5.jar:6.0.5]
	at org.springframework.beans.factory.support.ConstructorResolver.instantiateUsingFactoryMethod(ConstructorResolver.java:548) ~[spring-beans-6.0.5.jar:6.0.5]
	at org.springframework.beans.factory.support.AbstractAutowireCapableBeanFactory.instantiateUsingFactoryMethod(AbstractAutowireCapableBeanFactory.java:1325) ~[spring-beans-6.0.5.jar:6.0.5]
	at org.springframework.beans.factory.support.AbstractAutowireCapableBeanFactory.createBeanInstance(AbstractAutowireCapableBeanFactory.java:1162) ~[spring-beans-6.0.5.jar:6.0.5]
	at org.springframework.beans.factory.support.AbstractAutowireCapableBeanFactory.doCreateBean(AbstractAutowireCapableBeanFactory.java:562) ~[spring-beans-6.0.5.jar:6.0.5]
	at org.springframework.beans.factory.support.AbstractAutowireCapableBeanFactory.createBean(AbstractAutowireCapableBeanFactory.java:522) ~[spring-beans-6.0.5.jar:6.0.5]
	at org.springframework.beans.factory.support.AbstractBeanFactory.lambda$doGetBean$0(AbstractBeanFactory.java:326) ~[spring-beans-6.0.5.jar:6.0.5]
	at org.springframework.beans.factory.support.DefaultSingletonBeanRegistry.getSingleton(DefaultSingletonBeanRegistry.java:234) ~[spring-beans-6.0.5.jar:6.0.5]
	at org.springframework.beans.factory.support.AbstractBeanFactory.doGetBean(AbstractBeanFactory.java:324) ~[spring-beans-6.0.5.jar:6.0.5]
	at org.springframework.beans.factory.support.AbstractBeanFactory.getBean(AbstractBeanFactory.java:200) ~[spring-beans-6.0.5.jar:6.0.5]
	at org.springframework.beans.factory.support.DefaultListableBeanFactory.getBeansOfType(DefaultListableBeanFactory.java:662) ~[spring-beans-6.0.5.jar:6.0.5]
	at org.springframework.beans.factory.support.DefaultListableBeanFactory.getBeansOfType(DefaultListableBeanFactory.java:650) ~[spring-beans-6.0.5.jar:6.0.5]
	at org.springframework.boot.convert.ApplicationConversionService.addBeans(ApplicationConversionService.java:276) ~[spring-boot-3.0.3.jar:3.0.3]
	at org.springframework.boot.autoconfigure.web.servlet.WebMvcAutoConfiguration$WebMvcAutoConfigurationAdapter.addFormatters(WebMvcAutoConfiguration.java:319) ~[spring-boot-autoconfigure-3.0.3.jar:3.0.3]
	at org.springframework.web.servlet.config.annotation.WebMvcConfigurerComposite.addFormatters(WebMvcConfigurerComposite.java:81) ~[spring-webmvc-6.0.5.jar:6.0.5]
	at org.springframework.web.servlet.config.annotation.DelegatingWebMvcConfiguration.addFormatters(DelegatingWebMvcConfiguration.java:78) ~[spring-webmvc-6.0.5.jar:6.0.5]
	at org.springframework.boot.autoconfigure.web.servlet.WebMvcAutoConfiguration$EnableWebMvcConfiguration.mvcConversionService(WebMvcAutoConfiguration.java:511) ~[spring-boot-autoconfigure-3.0.3.jar:3.0.3]
	at java.base/jdk.internal.reflect.NativeMethodAccessorImpl.invoke0(Native Method) ~[na:na]
	at java.base/jdk.internal.reflect.NativeMethodAccessorImpl.invoke(NativeMethodAccessorImpl.java:77) ~[na:na]
	at java.base/jdk.internal.reflect.DelegatingMethodAccessorImpl.invoke(DelegatingMethodAccessorImpl.java:43) ~[na:na]
	at java.base/java.lang.reflect.Method.invoke(Method.java:568) ~[na:na]
	at org.springframework.beans.factory.support.SimpleInstantiationStrategy.instantiate(SimpleInstantiationStrategy.java:139) ~[spring-beans-6.0.5.jar:6.0.5]
	... 106 common frames omitted
Caused by: org.springframework.beans.factory.UnsatisfiedDependencyException: Error creating bean with name 'associationLinks' defined in class path resource [org/springframework/data/rest/webmvc/config/RepositoryRestMvcConfiguration.class]: Unsatisfied dependency expressed through method 'associationLinks' parameter 0: Error creating bean with name 'resourceMappings' defined in class path resource [org/springframework/data/rest/webmvc/config/RepositoryRestMvcConfiguration.class]: Unsatisfied dependency expressed through method 'resourceMappings' parameter 0: Error creating bean with name 'repositories' defined in class path resource [org/springframework/data/rest/webmvc/config/RepositoryRestMvcConfiguration.class]: Failed to instantiate [org.springframework.data.repository.support.Repositories]: Factory method 'repositories' threw exception with message: Error creating bean with name 'childRepo' defined in com.example.demo.Repositories.ChildRepo defined in @EnableJpaRepositories declared on JpaRepositoriesRegistrar.EnableJpaRepositoriesConfiguration: Not a managed type: class com.example.demo.Models.Child
	at org.springframework.beans.factory.support.ConstructorResolver.createArgumentArray(ConstructorResolver.java:798) ~[spring-beans-6.0.5.jar:6.0.5]
	at org.springframework.beans.factory.support.ConstructorResolver.instantiateUsingFactoryMethod(ConstructorResolver.java:548) ~[spring-beans-6.0.5.jar:6.0.5]
	at org.springframework.beans.factory.support.AbstractAutowireCapableBeanFactory.instantiateUsingFactoryMethod(AbstractAutowireCapableBeanFactory.java:1325) ~[spring-beans-6.0.5.jar:6.0.5]
	at org.springframework.beans.factory.support.AbstractAutowireCapableBeanFactory.createBeanInstance(AbstractAutowireCapableBeanFactory.java:1162) ~[spring-beans-6.0.5.jar:6.0.5]
	at org.springframework.beans.factory.support.AbstractAutowireCapableBeanFactory.doCreateBean(AbstractAutowireCapableBeanFactory.java:562) ~[spring-beans-6.0.5.jar:6.0.5]
	at org.springframework.beans.factory.support.AbstractAutowireCapableBeanFactory.createBean(AbstractAutowireCapableBeanFactory.java:522) ~[spring-beans-6.0.5.jar:6.0.5]
	at org.springframework.beans.factory.support.AbstractBeanFactory.lambda$doGetBean$0(AbstractBeanFactory.java:326) ~[spring-beans-6.0.5.jar:6.0.5]
	at org.springframework.beans.factory.support.DefaultSingletonBeanRegistry.getSingleton(DefaultSingletonBeanRegistry.java:234) ~[spring-beans-6.0.5.jar:6.0.5]
	at org.springframework.beans.factory.support.AbstractBeanFactory.doGetBean(AbstractBeanFactory.java:324) ~[spring-beans-6.0.5.jar:6.0.5]
	at org.springframework.beans.factory.support.AbstractBeanFactory.getBean(AbstractBeanFactory.java:200) ~[spring-beans-6.0.5.jar:6.0.5]
	at org.springframework.beans.factory.config.DependencyDescriptor.resolveCandidate(DependencyDescriptor.java:254) ~[spring-beans-6.0.5.jar:6.0.5]
	at org.springframework.beans.factory.support.DefaultListableBeanFactory.doResolveDependency(DefaultListableBeanFactory.java:1405) ~[spring-beans-6.0.5.jar:6.0.5]
	at org.springframework.beans.factory.support.DefaultListableBeanFactory.resolveDependency(DefaultListableBeanFactory.java:1325) ~[spring-beans-6.0.5.jar:6.0.5]
	at org.springframework.beans.factory.support.ConstructorResolver.resolveAutowiredArgument(ConstructorResolver.java:885) ~[spring-beans-6.0.5.jar:6.0.5]
	at org.springframework.beans.factory.support.ConstructorResolver.createArgumentArray(ConstructorResolver.java:789) ~[spring-beans-6.0.5.jar:6.0.5]
	... 127 common frames omitted
Caused by: org.springframework.beans.factory.UnsatisfiedDependencyException: Error creating bean with name 'resourceMappings' defined in class path resource [org/springframework/data/rest/webmvc/config/RepositoryRestMvcConfiguration.class]: Unsatisfied dependency expressed through method 'resourceMappings' parameter 0: Error creating bean with name 'repositories' defined in class path resource [org/springframework/data/rest/webmvc/config/RepositoryRestMvcConfiguration.class]: Failed to instantiate [org.springframework.data.repository.support.Repositories]: Factory method 'repositories' threw exception with message: Error creating bean with name 'childRepo' defined in com.example.demo.Repositories.ChildRepo defined in @EnableJpaRepositories declared on JpaRepositoriesRegistrar.EnableJpaRepositoriesConfiguration: Not a managed type: class com.example.demo.Models.Child
	at org.springframework.beans.factory.support.ConstructorResolver.createArgumentArray(ConstructorResolver.java:798) ~[spring-beans-6.0.5.jar:6.0.5]
	at org.springframework.beans.factory.support.ConstructorResolver.instantiateUsingFactoryMethod(ConstructorResolver.java:548) ~[spring-beans-6.0.5.jar:6.0.5]
	at org.springframework.beans.factory.support.AbstractAutowireCapableBeanFactory.instantiateUsingFactoryMethod(AbstractAutowireCapableBeanFactory.java:1325) ~[spring-beans-6.0.5.jar:6.0.5]
	at org.springframework.beans.factory.support.AbstractAutowireCapableBeanFactory.createBeanInstance(AbstractAutowireCapableBeanFactory.java:1162) ~[spring-beans-6.0.5.jar:6.0.5]
	at org.springframework.beans.factory.support.AbstractAutowireCapableBeanFactory.doCreateBean(AbstractAutowireCapableBeanFactory.java:562) ~[spring-beans-6.0.5.jar:6.0.5]
	at org.springframework.beans.factory.support.AbstractAutowireCapableBeanFactory.createBean(AbstractAutowireCapableBeanFactory.java:522) ~[spring-beans-6.0.5.jar:6.0.5]
	at org.springframework.beans.factory.support.AbstractBeanFactory.lambda$doGetBean$0(AbstractBeanFactory.java:326) ~[spring-beans-6.0.5.jar:6.0.5]
	at org.springframework.beans.factory.support.DefaultSingletonBeanRegistry.getSingleton(DefaultSingletonBeanRegistry.java:234) ~[spring-beans-6.0.5.jar:6.0.5]
	at org.springframework.beans.factory.support.AbstractBeanFactory.doGetBean(AbstractBeanFactory.java:324) ~[spring-beans-6.0.5.jar:6.0.5]
	at org.springframework.beans.factory.support.AbstractBeanFactory.getBean(AbstractBeanFactory.java:200) ~[spring-beans-6.0.5.jar:6.0.5]
	at org.springframework.beans.factory.config.DependencyDescriptor.resolveCandidate(DependencyDescriptor.java:254) ~[spring-beans-6.0.5.jar:6.0.5]
	at org.springframework.beans.factory.support.DefaultListableBeanFactory.doResolveDependency(DefaultListableBeanFactory.java:1405) ~[spring-beans-6.0.5.jar:6.0.5]
	at org.springframework.beans.factory.support.DefaultListableBeanFactory.resolveDependency(DefaultListableBeanFactory.java:1325) ~[spring-beans-6.0.5.jar:6.0.5]
	at org.springframework.beans.factory.support.ConstructorResolver.resolveAutowiredArgument(ConstructorResolver.java:885) ~[spring-beans-6.0.5.jar:6.0.5]
	at org.springframework.beans.factory.support.ConstructorResolver.createArgumentArray(ConstructorResolver.java:789) ~[spring-beans-6.0.5.jar:6.0.5]
	... 141 common frames omitted
Caused by: org.springframework.beans.factory.BeanCreationException: Error creating bean with name 'repositories' defined in class path resource [org/springframework/data/rest/webmvc/config/RepositoryRestMvcConfiguration.class]: Failed to instantiate [org.springframework.data.repository.support.Repositories]: Factory method 'repositories' threw exception with message: Error creating bean with name 'childRepo' defined in com.example.demo.Repositories.ChildRepo defined in @EnableJpaRepositories declared on JpaRepositoriesRegistrar.EnableJpaRepositoriesConfiguration: Not a managed type: class com.example.demo.Models.Child
	at org.springframework.beans.factory.support.ConstructorResolver.instantiate(ConstructorResolver.java:657) ~[spring-beans-6.0.5.jar:6.0.5]
	at org.springframework.beans.factory.support.ConstructorResolver.instantiateUsingFactoryMethod(ConstructorResolver.java:491) ~[spring-beans-6.0.5.jar:6.0.5]
	at org.springframework.beans.factory.support.AbstractAutowireCapableBeanFactory.instantiateUsingFactoryMethod(AbstractAutowireCapableBeanFactory.java:1325) ~[spring-beans-6.0.5.jar:6.0.5]
	at org.springframework.beans.factory.support.AbstractAutowireCapableBeanFactory.createBeanInstance(AbstractAutowireCapableBeanFactory.java:1162) ~[spring-beans-6.0.5.jar:6.0.5]
	at org.springframework.beans.factory.support.AbstractAutowireCapableBeanFactory.doCreateBean(AbstractAutowireCapableBeanFactory.java:562) ~[spring-beans-6.0.5.jar:6.0.5]
	at org.springframework.beans.factory.support.AbstractAutowireCapableBeanFactory.createBean(AbstractAutowireCapableBeanFactory.java:522) ~[spring-beans-6.0.5.jar:6.0.5]
	at org.springframework.beans.factory.support.AbstractBeanFactory.lambda$doGetBean$0(AbstractBeanFactory.java:326) ~[spring-beans-6.0.5.jar:6.0.5]
	at org.springframework.beans.factory.support.DefaultSingletonBeanRegistry.getSingleton(DefaultSingletonBeanRegistry.java:234) ~[spring-beans-6.0.5.jar:6.0.5]
	at org.springframework.beans.factory.support.AbstractBeanFactory.doGetBean(AbstractBeanFactory.java:324) ~[spring-beans-6.0.5.jar:6.0.5]
	at org.springframework.beans.factory.support.AbstractBeanFactory.getBean(AbstractBeanFactory.java:200) ~[spring-beans-6.0.5.jar:6.0.5]
	at org.springframework.beans.factory.config.DependencyDescriptor.resolveCandidate(DependencyDescriptor.java:254) ~[spring-beans-6.0.5.jar:6.0.5]
	at org.springframework.beans.factory.support.DefaultListableBeanFactory.doResolveDependency(DefaultListableBeanFactory.java:1405) ~[spring-beans-6.0.5.jar:6.0.5]
	at org.springframework.beans.factory.support.DefaultListableBeanFactory.resolveDependency(DefaultListableBeanFactory.java:1325) ~[spring-beans-6.0.5.jar:6.0.5]
	at org.springframework.beans.factory.support.ConstructorResolver.resolveAutowiredArgument(ConstructorResolver.java:885) ~[spring-beans-6.0.5.jar:6.0.5]
	at org.springframework.beans.factory.support.ConstructorResolver.createArgumentArray(ConstructorResolver.java:789) ~[spring-beans-6.0.5.jar:6.0.5]
	... 155 common frames omitted
Caused by: org.springframework.beans.BeanInstantiationException: Failed to instantiate [org.springframework.data.repository.support.Repositories]: Factory method 'repositories' threw exception with message: Error creating bean with name 'childRepo' defined in com.example.demo.Repositories.ChildRepo defined in @EnableJpaRepositories declared on JpaRepositoriesRegistrar.EnableJpaRepositoriesConfiguration: Not a managed type: class com.example.demo.Models.Child
	at org.springframework.beans.factory.support.SimpleInstantiationStrategy.instantiate(SimpleInstantiationStrategy.java:171) ~[spring-beans-6.0.5.jar:6.0.5]
	at org.springframework.beans.factory.support.ConstructorResolver.instantiate(ConstructorResolver.java:653) ~[spring-beans-6.0.5.jar:6.0.5]
	... 169 common frames omitted
Caused by: org.springframework.beans.factory.BeanCreationException: Error creating bean with name 'childRepo' defined in com.example.demo.Repositories.ChildRepo defined in @EnableJpaRepositories declared on JpaRepositoriesRegistrar.EnableJpaRepositoriesConfiguration: Not a managed type: class com.example.demo.Models.Child
	at org.springframework.beans.factory.support.AbstractAutowireCapableBeanFactory.initializeBean(AbstractAutowireCapableBeanFactory.java:1752) ~[spring-beans-6.0.5.jar:6.0.5]
	at org.springframework.beans.factory.support.AbstractAutowireCapableBeanFactory.doCreateBean(AbstractAutowireCapableBeanFactory.java:600) ~[spring-beans-6.0.5.jar:6.0.5]
	at org.springframework.beans.factory.support.AbstractAutowireCapableBeanFactory.createBean(AbstractAutowireCapableBeanFactory.java:522) ~[spring-beans-6.0.5.jar:6.0.5]
	at org.springframework.beans.factory.support.AbstractBeanFactory.lambda$doGetBean$0(AbstractBeanFactory.java:326) ~[spring-beans-6.0.5.jar:6.0.5]
	at org.springframework.beans.factory.support.DefaultSingletonBeanRegistry.getSingleton(DefaultSingletonBeanRegistry.java:234) ~[spring-beans-6.0.5.jar:6.0.5]
	at org.springframework.beans.factory.support.AbstractBeanFactory.doGetBean(AbstractBeanFactory.java:324) ~[spring-beans-6.0.5.jar:6.0.5]
	at org.springframework.beans.factory.support.AbstractBeanFactory.getBean(AbstractBeanFactory.java:205) ~[spring-beans-6.0.5.jar:6.0.5]
	at org.springframework.context.support.AbstractApplicationContext.getBean(AbstractApplicationContext.java:1138) ~[spring-context-6.0.5.jar:6.0.5]
	at org.springframework.data.repository.support.Repositories.cacheRepositoryFactory(Repositories.java:105) ~[spring-data-commons-3.0.2.jar:3.0.2]
	at org.springframework.data.repository.support.Repositories.populateRepositoryFactoryInformation(Repositories.java:98) ~[spring-data-commons-3.0.2.jar:3.0.2]
	at org.springframework.data.repository.support.Repositories.<init>(Repositories.java:91) ~[spring-data-commons-3.0.2.jar:3.0.2]
	at org.springframework.data.rest.webmvc.config.RepositoryRestMvcConfiguration.repositories(RepositoryRestMvcConfiguration.java:299) ~[spring-data-rest-webmvc-4.0.2.jar:4.0.2]
	at java.base/jdk.internal.reflect.NativeMethodAccessorImpl.invoke0(Native Method) ~[na:na]
	at java.base/jdk.internal.reflect.NativeMethodAccessorImpl.invoke(NativeMethodAccessorImpl.java:77) ~[na:na]
	at java.base/jdk.internal.reflect.DelegatingMethodAccessorImpl.invoke(DelegatingMethodAccessorImpl.java:43) ~[na:na]
	at java.base/java.lang.reflect.Method.invoke(Method.java:568) ~[na:na]
	at org.springframework.beans.factory.support.SimpleInstantiationStrategy.instantiate(SimpleInstantiationStrategy.java:139) ~[spring-beans-6.0.5.jar:6.0.5]
	... 170 common frames omitted
Caused by: java.lang.IllegalArgumentException: Not a managed type: class com.example.demo.Models.Child
	at org.hibernate.metamodel.model.domain.internal.JpaMetamodelImpl.managedType(JpaMetamodelImpl.java:181) ~[hibernate-core-6.1.7.Final.jar:6.1.7.Final]
	at org.hibernate.metamodel.model.domain.internal.MappingMetamodelImpl.managedType(MappingMetamodelImpl.java:496) ~[hibernate-core-6.1.7.Final.jar:6.1.7.Final]
	at org.hibernate.metamodel.model.domain.internal.MappingMetamodelImpl.managedType(MappingMetamodelImpl.java:99) ~[hibernate-core-6.1.7.Final.jar:6.1.7.Final]
	at org.springframework.data.jpa.repository.support.JpaMetamodelEntityInformation.<init>(JpaMetamodelEntityInformation.java:77) ~[spring-data-jpa-3.0.2.jar:3.0.2]
	at org.springframework.data.jpa.repository.support.JpaEntityInformationSupport.getEntityInformation(JpaEntityInformationSupport.java:69) ~[spring-data-jpa-3.0.2.jar:3.0.2]
	at org.springframework.data.jpa.repository.support.JpaRepositoryFactory.getEntityInformation(JpaRepositoryFactory.java:246) ~[spring-data-jpa-3.0.2.jar:3.0.2]
	at org.springframework.data.jpa.repository.support.JpaRepositoryFactory.getTargetRepository(JpaRepositoryFactory.java:211) ~[spring-data-jpa-3.0.2.jar:3.0.2]
	at org.springframework.data.jpa.repository.support.JpaRepositoryFactory.getTargetRepository(JpaRepositoryFactory.java:194) ~[spring-data-jpa-3.0.2.jar:3.0.2]
	at org.springframework.data.jpa.repository.support.JpaRepositoryFactory.getTargetRepository(JpaRepositoryFactory.java:81) ~[spring-data-jpa-3.0.2.jar:3.0.2]
	at org.springframework.data.repository.core.support.RepositoryFactorySupport.getRepository(RepositoryFactorySupport.java:317) ~[spring-data-commons-3.0.2.jar:3.0.2]
	at org.springframework.data.repository.core.support.RepositoryFactoryBeanSupport.lambda$afterPropertiesSet$5(RepositoryFactoryBeanSupport.java:279) ~[spring-data-commons-3.0.2.jar:3.0.2]
	at org.springframework.data.util.Lazy.getNullable(Lazy.java:245) ~[spring-data-commons-3.0.2.jar:3.0.2]
	at org.springframework.data.util.Lazy.get(Lazy.java:114) ~[spring-data-commons-3.0.2.jar:3.0.2]
	at org.springframework.data.repository.core.support.RepositoryFactoryBeanSupport.afterPropertiesSet(RepositoryFactoryBeanSupport.java:285) ~[spring-data-commons-3.0.2.jar:3.0.2]
	at org.springframework.data.jpa.repository.support.JpaRepositoryFactoryBean.afterPropertiesSet(JpaRepositoryFactoryBean.java:132) ~[spring-data-jpa-3.0.2.jar:3.0.2]
	at org.springframework.beans.factory.support.AbstractAutowireCapableBeanFactory.invokeInitMethods(AbstractAutowireCapableBeanFactory.java:1798) ~[spring-beans-6.0.5.jar:6.0.5]
	at org.springframework.beans.factory.support.AbstractAutowireCapableBeanFactory.initializeBean(AbstractAutowireCapableBeanFactory.java:1748) ~[spring-beans-6.0.5.jar:6.0.5]
	... 186 common frames omitted

]]></system-out>
    <system-err><![CDATA[


============================
CONDITIONS EVALUATION REPORT
============================


Positive matches:
-----------------

    None


Negative matches:
-----------------

    None


Exclusions:
-----------

    None


Unconditional classes:
----------------------

    None



]]></system-err>
  </testcase>
</testsuite>